[2016-03-28 18:11:58] START
[2016-03-28 18:12:30] CREATE default/show.html: 0
[2016-03-28 18:12:51] CREATE default/editrecipes.html: 0
[2016-03-28 18:13:10] CREATE default/myrecipe.html: 0
[2016-03-28 18:13:45] EDIT assgn_ans/views/default/show.html: 32
[2016-03-28 18:14:28] EDIT assgn_ans/views/default/editrecipes.html: 61
[2016-03-28 18:14:38] EDIT assgn_ans/views/default/myrecipe.html: 61
[2016-03-28 18:15:25] EDIT assgn_ans/views/default/editrecipes.html: -33
[2016-03-28 18:16:24] EDIT assgn_ans/controllers/default.py: 14
[2016-03-28 18:17:00] EDIT assgn_ans/models/db.py: -4
[2016-03-28 18:17:01] EDIT assgn_ans/models/db.py: 0
[2016-03-28 18:39:30] EDIT assgn_ans/models/menu.py: 0
[2016-03-28 18:44:24] EDIT assgn_ans/views/default/index.html: 49
[2016-03-28 18:46:37] EDIT assgn_ans/views/default/index.html: 0
[2016-03-28 18:46:37] EDIT assgn_ans/views/default/index.html: 0
[2016-03-28 18:46:37] EDIT assgn_ans/views/default/index.html: 0
[2016-03-28 18:46:37] EDIT assgn_ans/views/default/index.html: 0
[2016-03-28 18:46:37] EDIT assgn_ans/views/default/index.html: 0
[2016-03-28 18:46:38] EDIT assgn_ans/views/default/index.html: 0
[2016-03-28 18:48:28] EDIT assgn_ans/views/default/editrecipes.html: 0
[2016-03-28 18:56:09] EDIT assgn_ans/views/default/index.html: 0
[2016-03-28 19:10:17] EDIT assgn_ans/views/default/index.html: 5
[2016-03-28 19:11:49] EDIT assgn_ans/views/default/index.html: -2
[2016-03-28 19:13:02] EDIT assgn_ans/views/default/index.html: -5
[2016-03-28 19:15:56] EDIT assgn_ans/views/default/index.html: 5
[2016-03-28 19:17:54] EDIT assgn_ans/views/default/index.html: 4
[2016-03-28 19:20:08] EDIT assgn_ans/views/default/index.html: 4
[2016-03-28 19:20:26] EDIT assgn_ans/views/default/index.html: 0
[2016-03-28 19:21:20] EDIT assgn_ans/views/default/index.html: 1
[2016-03-28 19:23:03] EDIT assgn_ans/views/default/index.html: 1
[2016-03-28 19:26:33] EDIT assgn_ans/views/default/index.html: -5
[2016-03-28 19:30:10] EDIT assgn_ans/views/default/index.html: 3
[2016-03-28 19:30:21] EDIT assgn_ans/views/default/index.html: 0
[2016-03-28 20:33:21] EDIT assgn_ans/views/default/index.html: -3
[2016-03-28 20:41:09] EDIT assgn_ans/views/default/index.html: 0
[2016-03-28 20:54:41] EDIT assgn_ans/views/default/index.html: 39
[2016-03-28 20:56:29] EDIT assgn_ans/views/default/index.html: 2
[2016-03-28 20:57:01] EDIT assgn_ans/views/default/index.html: -10
[2016-03-28 20:58:31] EDIT assgn_ans/views/default/index.html: 0
[2016-03-28 20:59:43] EDIT assgn_ans/views/default/index.html: 0
[2016-03-28 21:04:42] EDIT assgn_ans/views/default/index.html: 0
[2016-03-28 21:06:08] EDIT assgn_ans/views/default/index.html: 1
[2016-03-28 21:07:44] EDIT assgn_ans/views/default/index.html: -1
[2016-03-28 21:08:34] EDIT assgn_ans/views/default/index.html: 0
[2016-03-28 21:11:41] EDIT assgn_ans/views/default/index.html: 5
[2016-03-28 21:13:07] EDIT assgn_ans/views/default/index.html: -1
[2016-03-28 21:14:27] EDIT assgn_ans/views/default/index.html: -9
[2016-03-28 21:16:32] EDIT assgn_ans/views/default/index.html: 8
[2016-03-28 21:17:31] EDIT assgn_ans/views/default/index.html: 1
[2016-03-28 21:17:32] EDIT assgn_ans/views/default/index.html: 0
[2016-03-28 21:17:32] EDIT assgn_ans/views/default/index.html: 0
[2016-03-28 21:22:24] EDIT assgn_ans/views/default/index.html: -2
[2016-03-28 21:24:43] EDIT assgn_ans/views/default/index.html: 0
[2016-03-28 21:26:37] EDIT assgn_ans/views/default/index.html: 2
[2016-03-28 21:28:03] EDIT assgn_ans/views/default/index.html: 0
[2016-03-28 21:28:27] EDIT assgn_ans/views/default/index.html: 0
[2016-03-28 21:28:57] EDIT assgn_ans/views/default/index.html: 0
[2016-03-28 21:31:54] EDIT assgn_ans/views/default/index.html: 6
[2016-03-28 21:35:17] EDIT assgn_ans/views/default/index.html: 2
[2016-03-28 21:36:32] EDIT assgn_ans/views/default/index.html: 0
[2016-03-28 21:37:47] EDIT assgn_ans/views/default/index.html: -2
[2016-03-28 21:39:38] EDIT assgn_ans/views/default/index.html: 1
[2016-03-28 21:42:02] EDIT assgn_ans/views/default/index.html: -10
[2016-03-28 22:24:31] EDIT assgn_ans/views/default/index.html: 0
[2016-03-29 09:10:15] EDIT assgn_ans/models/menu.py: -101
[2016-03-29 09:11:36] EDIT assgn_ans/views/default/index.html: 2
[2016-03-29 09:14:23] EDIT assgn_ans/views/default/index.html: 1
[2016-03-29 09:15:54] EDIT assgn_ans/views/default/index.html: 0
[2016-03-29 09:16:20] EDIT assgn_ans/views/default/index.html: 0
[2016-03-29 09:17:47] EDIT assgn_ans/views/default/index.html: -22
[2016-03-29 09:18:21] EDIT assgn_ans/views/default/index.html: 0
[2016-03-29 09:20:53] EDIT assgn_ans/views/default/index.html: 0
[2016-03-29 09:21:28] EDIT assgn_ans/views/default/index.html: 0
[2016-03-29 09:23:13] EDIT assgn_ans/views/default/index.html: 0
[2016-03-29 09:24:01] EDIT assgn_ans/views/default/index.html: 0
[2016-03-29 09:26:09] EDIT assgn_ans/views/default/index.html: 5
[2016-03-29 09:26:56] EDIT assgn_ans/views/default/index.html: 0
[2016-03-29 13:32:12] EDIT assgn_ans/views/default/index.html: -17
[2016-03-29 13:35:22] EDIT assgn_ans/views/default/index.html: 14
[2016-03-29 13:37:38] EDIT assgn_ans/views/default/index.html: 0
[2016-03-29 13:38:16] EDIT assgn_ans/views/default/index.html: 1
[2016-03-29 13:39:49] EDIT assgn_ans/views/default/index.html: 0
[2016-03-29 13:42:11] EDIT assgn_ans/views/default/index.html: 0
[2016-03-29 13:44:35] EDIT assgn_ans/views/default/index.html: -4
[2016-03-29 13:46:20] EDIT assgn_ans/views/default/index.html: 4
[2016-03-29 13:46:21] EDIT assgn_ans/views/default/index.html: 0
[2016-03-29 13:48:25] EDIT assgn_ans/models/db.py: 1
[2016-03-29 13:54:20] EDIT assgn_ans/views/default/editrecipes.html: 0
[2016-03-29 14:01:41] EDIT assgn_ans/models/db.py: 0
[2016-03-29 14:05:23] EDIT assgn_ans/models/menu.py: 3
[2016-03-29 14:09:17] EDIT assgn_ans/views/default/show.html: 1
[2016-03-29 14:15:24] EDIT assgn_ans/views/default/show.html: -1
[2016-03-29 14:18:42] EDIT assgn_ans/views/default/myrecipe.html: 0
[2016-03-29 14:42:33] EDIT assgn_ans/views/default/myrecipe.html: 14
[2016-03-29 14:44:15] EDIT assgn_ans/views/default/myrecipe.html: 2
[2016-03-29 14:47:47] EDIT assgn_ans/models/menu.py: 0
[2016-03-29 14:48:59] EDIT assgn_ans/views/default/index.html: -14
[2016-03-29 14:50:43] EDIT assgn_ans/views/default/index.html: 0
[2016-03-29 14:52:00] EDIT assgn_ans/views/default/show.html: 1
[2016-03-29 14:52:15] EDIT assgn_ans/views/default/show.html: -1
[2016-03-29 14:52:16] EDIT assgn_ans/views/default/show.html: 0
[2016-03-29 14:52:39] EDIT assgn_ans/views/default/show.html: 0
[2016-03-29 14:52:41] EDIT assgn_ans/views/default/myrecipe.html: 0
[2016-03-29 14:52:42] EDIT assgn_ans/views/default/index.html: 0
[2016-03-29 14:52:43] EDIT assgn_ans/models/menu.py: 0
[2016-03-29 14:52:44] EDIT assgn_ans/models/db.py: 0
[2016-03-29 14:54:11] EDIT assgn_ans/views/default/show.html: 1
[2016-03-29 14:54:12] EDIT assgn_ans/views/default/show.html: 0
[2016-03-29 16:25:16] EDIT assgn_ans/views/default/show.html: 0
[2016-03-29 16:29:11] EDIT assgn_ans/views/default/show.html: -9
[2016-03-29 16:32:37] CREATE default/create_post.html: 0
[2016-03-29 16:33:05] EDIT assgn_ans/views/default/create_post.html: 2
[2016-03-29 16:33:45] EDIT assgn_ans/models/menu.py: -1
[2016-03-29 16:33:49] EDIT assgn_ans/views/default/create_post.html: 0
[2016-03-29 16:35:04] EDIT assgn_ans/views/default/create_post.html: -1
[2016-03-29 16:36:01] EDIT assgn_ans/views/default/create_post.html: 0
[2016-03-29 16:36:24] EDIT assgn_ans/views/default/create_post.html: 0
[2016-03-29 16:37:41] EDIT assgn_ans/views/default/create_post.html: 1
[2016-03-29 16:40:08] EDIT assgn_ans/views/default/create_post.html: -1
[2016-03-29 16:40:25] EDIT assgn_ans/views/default/create_post.html: 0
[2016-03-29 16:52:36] EDIT assgn_ans/views/default/show.html: 44
[2016-03-29 16:54:45] EDIT assgn_ans/views/default/show.html: 4
[2016-03-29 16:56:45] EDIT assgn_ans/views/default/show.html: 0
[2016-03-29 16:58:47] EDIT assgn_ans/views/default/show.html: 5
[2016-03-29 17:01:10] EDIT assgn_ans/views/default/show.html: -2
[2016-03-29 17:01:39] EDIT assgn_ans/views/default/show.html: 0
[2016-03-29 17:02:08] EDIT assgn_ans/views/default/show.html: 0
[2016-03-29 17:03:04] EDIT assgn_ans/views/default/show.html: 3
[2016-03-29 17:03:21] EDIT assgn_ans/views/default/show.html: 0
[2016-03-29 17:09:53] EDIT assgn_ans/views/default/user.html: 0
[2016-03-29 17:09:54] EDIT assgn_ans/controllers/default.py: 0
[2016-03-29 17:09:56] EDIT assgn_ans/views/default/index.html: 0
[2016-03-29 17:09:57] EDIT assgn_ans/views/default/myrecipe.html: 0
[2016-03-29 17:09:59] EDIT assgn_ans/views/default/show.html: 0
[2016-03-29 17:10:00] EDIT assgn_ans/views/default/create_post.html: 0
[2016-03-29 17:10:02] EDIT assgn_ans/models/menu.py: 0
[2016-03-29 17:10:04] EDIT assgn_ans/views/default/user.html: 0
[2016-03-29 17:10:05] EDIT assgn_ans/models/db.py: 0
[2016-03-29 17:22:01] EDIT assgn_ans/views/default/user.html: 9
[2016-03-29 17:22:01] EDIT assgn_ans/views/default/user.html: 0
[2016-03-29 17:22:02] EDIT assgn_ans/views/default/user.html: 0
[2016-03-29 17:22:07] EDIT assgn_ans/views/default/user.html: 0
[2016-03-29 17:22:07] EDIT assgn_ans/views/default/user.html: 0
[2016-03-29 17:22:43] EDIT assgn_ans/views/default/user.html: 0
[2016-03-29 17:22:48] EDIT assgn_ans/views/default/user.html: 0
[2016-03-29 17:24:51] EDIT assgn_ans/views/default/user.html: 0
[2016-03-29 17:26:18] EDIT assgn_ans/views/default/user.html: 2
[2016-03-29 17:26:24] EDIT assgn_ans/views/default/user.html: 0
[2016-03-29 17:27:11] EDIT assgn_ans/views/default/user.html: 0
[2016-03-29 17:30:34] EDIT assgn_ans/views/default/user.html: 2
[2016-03-29 17:31:55] EDIT assgn_ans/views/default/user.html: 0
[2016-03-29 17:33:03] EDIT assgn_ans/views/default/user.html: -4
[2016-03-29 17:35:55] EDIT assgn_ans/views/default/user.html: 0
[2016-03-29 17:36:28] EDIT assgn_ans/views/default/user.html: 0
[2016-03-29 17:40:27] EDIT assgn_ans/views/default/user.html: 0
[2016-03-29 17:40:44] EDIT assgn_ans/views/default/user.html: 0
[2016-03-29 17:42:25] EDIT assgn_ans/views/default/user.html: 0
[2016-03-29 17:47:23] EDIT assgn_ans/models/db.py: 1
[2016-03-29 17:47:36] EDIT assgn_ans/views/default/show.html: 6
[2016-03-29 17:49:52] EDIT assgn_ans/views/default/show.html: 6
[2016-03-29 17:50:11] EDIT assgn_ans/views/default/show.html: 1
[2016-03-29 17:51:56] EDIT assgn_ans/models/db.py: 0
[2016-03-29 17:56:05] EDIT assgn_ans/models/db.py: 0
[2016-03-29 17:59:19] EDIT assgn_ans/controllers/default.py: 1
[2016-03-29 18:00:11] EDIT assgn_ans/controllers/default.py: -1
[2016-03-29 18:03:43] EDIT assgn_ans/views/default/show.html: 0
[2016-03-29 18:03:51] EDIT assgn_ans/views/default/show.html: 0
[2016-03-29 18:04:10] EDIT assgn_ans/views/default/show.html: 0
[2016-03-29 18:04:45] EDIT assgn_ans/views/default/show.html: 0
[2016-03-29 18:07:34] EDIT assgn_ans/models/db.py: 0
[2016-03-29 18:13:05] EDIT assgn_ans/views/default/index.html: 5
[2016-03-29 18:15:10] EDIT assgn_ans/views/default/index.html: 0
[2016-03-29 18:19:16] EDIT assgn_ans/views/default/index.html: 0
[2016-03-29 18:20:51] EDIT assgn_ans/views/default/index.html: 0
[2016-03-29 18:21:05] EDIT assgn_ans/views/default/index.html: 0
[2016-03-29 18:21:32] EDIT assgn_ans/views/default/index.html: 0
[2016-03-29 18:23:36] EDIT assgn_ans/views/default/index.html: -30
[2016-03-29 18:24:48] EDIT assgn_ans/views/default/index.html: 0
[2016-03-29 18:25:17] EDIT assgn_ans/views/default/index.html: 0
[2016-03-29 18:25:43] EDIT assgn_ans/views/default/index.html: 0
[2016-03-29 18:27:01] EDIT assgn_ans/views/default/index.html: 3
[2016-03-29 18:27:27] EDIT assgn_ans/views/default/index.html: -3
[2016-03-29 18:29:18] EDIT assgn_ans/views/default/create_post.html: 7
[2016-03-29 18:32:04] EDIT assgn_ans/views/default/myrecipe.html: 7
[2016-03-29 18:32:41] EDIT assgn_ans/views/default/myrecipe.html: 0
[2016-03-29 18:36:51] EDIT assgn_ans/views/default/myrecipe.html: 0
[2016-03-29 18:37:28] EDIT assgn_ans/views/default/myrecipe.html: 3
[2016-03-29 18:37:48] EDIT assgn_ans/views/default/myrecipe.html: 0
[2016-03-29 18:39:34] EDIT assgn_ans/views/default/create_post.html: 0
[2016-03-29 18:48:47] EDIT assgn_ans/views/default/show.html: 8
[2016-03-29 18:49:37] EDIT assgn_ans/views/default/show.html: 0
[2016-03-29 18:52:22] EDIT assgn_ans/views/default/show.html: 0
[2016-03-29 18:54:27] EDIT assgn_ans/views/default/create_post.html: 0
[2016-03-29 18:55:43] EDIT assgn_ans/views/default/create_post.html: 0
[2016-03-29 18:56:06] EDIT assgn_ans/views/default/create_post.html: 0
[2016-03-29 18:58:52] EDIT assgn_ans/views/default/myrecipe.html: 0
[2016-03-29 19:02:37] EDIT assgn_ans/controllers/default.py: 0
[2016-03-29 19:03:21] EDIT assgn_ans/views/default/show.html: 0
[2016-03-29 19:03:23] EDIT assgn_ans/views/default/user.html: 0
[2016-03-29 19:03:25] EDIT assgn_ans/views/default/myrecipe.html: 0
[2016-03-29 19:03:26] EDIT assgn_ans/views/default/index.html: 0
[2016-03-29 19:03:27] EDIT assgn_ans/models/db.py: 0
[2016-03-29 19:03:28] EDIT assgn_ans/views/default/create_post.html: 0
[2016-03-31 19:43:21] EDIT assgn_ans/models/db.py: 0
[2016-03-31 19:43:21] EDIT assgn_ans/models/db.py: 0
[2016-03-31 19:43:21] EDIT assgn_ans/models/db.py: 0
[2016-03-31 19:43:21] EDIT assgn_ans/models/db.py: 0
[2016-03-31 19:43:22] EDIT assgn_ans/models/db.py: 0
[2016-03-31 19:43:22] EDIT assgn_ans/models/db.py: 0
[2016-03-31 19:44:28] EDIT assgn_ans/views/default/show.html: -1
[2016-03-31 19:44:28] EDIT assgn_ans/views/default/show.html: 0
[2016-03-31 19:44:29] EDIT assgn_ans/views/default/show.html: 0
[2016-03-31 19:44:29] EDIT assgn_ans/views/default/show.html: 0
[2016-03-31 19:44:29] EDIT assgn_ans/views/default/show.html: 0
[2016-03-31 19:44:29] EDIT assgn_ans/views/default/show.html: 0
[2016-03-31 19:44:41] EDIT assgn_ans/views/default/show.html: 1
[2016-03-31 19:45:25] EDIT assgn_ans/views/default/show.html: 0
[2016-03-31 19:45:25] EDIT assgn_ans/views/default/show.html: 0
[2016-03-31 19:45:26] EDIT assgn_ans/views/default/show.html: 0
[2016-03-31 19:45:26] EDIT assgn_ans/views/default/show.html: 0
[2016-03-31 19:45:27] EDIT assgn_ans/views/default/show.html: 0
[2016-03-31 19:46:14] EDIT assgn_ans/models/db.py: -2
[2016-03-31 19:46:15] EDIT assgn_ans/models/db.py: 0
[2016-03-31 19:46:15] EDIT assgn_ans/models/db.py: 0
[2016-03-31 19:46:16] EDIT assgn_ans/models/db.py: 0
[2016-03-31 19:46:16] EDIT assgn_ans/models/db.py: 0
[2016-03-31 19:47:28] EDIT assgn_ans/controllers/default.py: 7
[2016-03-31 19:47:28] EDIT assgn_ans/controllers/default.py: 0
[2016-03-31 19:47:29] EDIT assgn_ans/controllers/default.py: 0
[2016-03-31 19:47:29] EDIT assgn_ans/controllers/default.py: 0
[2016-03-31 19:47:29] EDIT assgn_ans/controllers/default.py: 0
[2016-03-31 19:47:29] EDIT assgn_ans/controllers/default.py: 0
[2016-03-31 19:48:27] EDIT assgn_ans/controllers/default.py: 5
[2016-03-31 19:48:27] EDIT assgn_ans/controllers/default.py: 0
[2016-03-31 19:51:26] CREATE default/manage.html: 0
[2016-03-31 19:51:41] EDIT assgn_ans/views/default/manage.html: -2
[2016-03-31 19:51:42] EDIT assgn_ans/views/default/manage.html: 0
[2016-03-31 19:51:43] EDIT assgn_ans/views/default/manage.html: 0
[2016-03-31 19:51:43] EDIT assgn_ans/views/default/manage.html: 0
[2016-03-31 19:54:57] EDIT assgn_ans/controllers/default.py: 0
[2016-03-31 20:04:21] EDIT assgn_ans/controllers/default.py: 2
[2016-03-31 20:04:22] EDIT assgn_ans/controllers/default.py: 0
[2016-03-31 20:04:22] EDIT assgn_ans/controllers/default.py: 0
[2016-03-31 20:04:22] EDIT assgn_ans/controllers/default.py: 0
[2016-03-31 20:04:23] EDIT assgn_ans/controllers/default.py: 0
[2016-03-31 20:04:23] EDIT assgn_ans/controllers/default.py: 0
[2016-03-31 20:04:23] EDIT assgn_ans/controllers/default.py: 0
[2016-03-31 20:04:31] EDIT assgn_ans/controllers/default.py: 0
[2016-03-31 20:04:32] EDIT assgn_ans/controllers/default.py: 0
[2016-03-31 20:04:32] EDIT assgn_ans/controllers/default.py: 0
[2016-03-31 20:04:32] EDIT assgn_ans/controllers/default.py: 0
[2016-03-31 20:04:32] EDIT assgn_ans/controllers/default.py: 0
[2016-03-31 20:04:33] EDIT assgn_ans/controllers/default.py: 0
[2016-03-31 20:04:33] EDIT assgn_ans/controllers/default.py: 0
[2016-03-31 20:04:33] EDIT assgn_ans/controllers/default.py: 0
[2016-03-31 20:04:33] EDIT assgn_ans/controllers/default.py: 0
[2016-03-31 20:04:33] EDIT assgn_ans/controllers/default.py: 0
[2016-03-31 20:04:33] EDIT assgn_ans/controllers/default.py: 0
[2016-03-31 20:04:33] EDIT assgn_ans/controllers/default.py: 0
[2016-03-31 20:04:33] EDIT assgn_ans/controllers/default.py: 0
[2016-03-31 20:04:33] EDIT assgn_ans/controllers/default.py: 0
[2016-03-31 20:04:33] EDIT assgn_ans/controllers/default.py: 0
[2016-03-31 20:19:18] EDIT assgn_ans/models/menu.py: 2
[2016-03-31 20:19:57] EDIT assgn_ans/models/menu.py: 0
[2016-03-31 20:20:40] EDIT assgn_ans/views/default/manage.html: 1
[2016-03-31 20:45:46] EDIT assgn_ans/controllers/default.py: 2
