[2016-03-26 10:42:14] START
[2016-03-26 10:42:44] EDIT nreci/controllers/default.py: -1
[2016-03-26 10:42:45] EDIT nreci/controllers/default.py: 0
[2016-03-26 10:42:46] EDIT nreci/controllers/default.py: 0
[2016-03-26 11:09:27] EDIT nreci/models/db.py: 5
[2016-03-26 11:09:28] EDIT nreci/models/db.py: 0
[2016-03-26 11:09:28] EDIT nreci/models/db.py: 0
[2016-03-26 11:09:28] EDIT nreci/models/db.py: 0
[2016-03-26 11:10:28] EDIT nreci/models/db.py: 1
[2016-03-26 11:10:29] EDIT nreci/models/db.py: 0
[2016-03-26 11:10:29] EDIT nreci/models/db.py: 0
[2016-03-26 11:16:20] EDIT nreci/models/db.py: -1
[2016-03-26 11:16:20] EDIT nreci/models/db.py: 0
[2016-03-26 11:16:21] EDIT nreci/models/db.py: 0
[2016-03-26 11:17:29] EDIT nreci/models/db.py: 0
[2016-03-26 11:17:52] EDIT nreci/models/db.py: 0
[2016-03-26 11:17:53] EDIT nreci/models/db.py: 0
[2016-03-26 11:17:53] EDIT nreci/models/db.py: 0
[2016-03-26 11:17:53] EDIT nreci/models/db.py: 0
[2016-03-26 11:20:36] EDIT nreci/models/db.py: -2
[2016-03-26 11:21:59] EDIT nreci/models/db.py: 1
[2016-03-26 11:21:59] EDIT nreci/models/db.py: 0
[2016-03-26 11:22:09] EDIT nreci/models/db.py: 0
[2016-03-26 11:22:09] EDIT nreci/models/db.py: 0
[2016-03-26 11:22:09] EDIT nreci/models/db.py: 0
[2016-03-26 11:22:09] EDIT nreci/models/db.py: 0
[2016-03-26 11:22:10] EDIT nreci/models/db.py: 0
[2016-03-26 11:22:22] EDIT nreci/models/db.py: 0
[2016-03-26 11:22:23] EDIT nreci/models/db.py: 0
[2016-03-26 11:22:39] EDIT nreci/models/db.py: 0
[2016-03-26 11:22:40] EDIT nreci/models/db.py: 0
[2016-03-26 11:22:40] EDIT nreci/models/db.py: 0
[2016-03-26 11:22:40] EDIT nreci/models/db.py: 0
[2016-03-26 11:42:32] EDIT nreci/models/db.py: 20
[2016-03-26 11:44:18] EDIT nreci/models/db.py: 0
[2016-03-26 11:44:18] EDIT nreci/models/db.py: 0
[2016-03-26 18:23:35] EDIT nreci/controllers/default.py: 2
[2016-03-26 18:23:58] CREATE default/register.html: 0
[2016-03-26 18:24:35] EDIT nreci/views/default/register.html: 2
[2016-03-26 18:24:35] EDIT nreci/views/default/register.html: 0
[2016-03-26 18:24:35] EDIT nreci/views/default/register.html: 0
[2016-03-26 18:24:51] EDIT nreci/views/default/register.html: -1
[2016-03-26 18:24:52] EDIT nreci/views/default/register.html: 0
[2016-03-26 18:24:52] EDIT nreci/views/default/register.html: 0
[2016-03-26 18:34:22] EDIT nreci/models/db.py: 0
[2016-03-26 18:34:22] EDIT nreci/models/db.py: 0
[2016-03-26 18:34:51] EDIT nreci/models/db.py: 0
[2016-03-26 18:34:52] EDIT nreci/models/db.py: 0
[2016-03-26 18:45:30] EDIT nreci/models/db.py: 0
[2016-03-26 22:28:54] EDIT nreci/models/db.py: 7
[2016-03-26 22:28:55] EDIT nreci/models/db.py: 0
[2016-03-26 22:32:43] EDIT nreci/models/db.py: 3
[2016-03-26 22:32:44] EDIT nreci/models/db.py: 0
[2016-03-26 22:32:44] EDIT nreci/models/db.py: 0
[2016-03-26 22:34:05] EDIT nreci/models/db.py: -17
[2016-03-26 22:34:06] EDIT nreci/models/db.py: 0
[2016-03-26 22:35:12] EDIT nreci/models/db.py: 1
[2016-03-26 22:35:13] EDIT nreci/models/db.py: 0
[2016-03-26 22:36:02] EDIT nreci/models/db.py: -7
[2016-03-26 22:36:42] EDIT nreci/models/db.py: 0
[2016-03-26 22:36:42] EDIT nreci/models/db.py: 0
[2016-03-26 22:37:36] EDIT nreci/models/db.py: 0
[2016-03-26 22:37:49] EDIT nreci/models/db.py: 0
[2016-03-26 22:41:49] EDIT nreci/models/db.py: 1
[2016-03-26 22:41:50] EDIT nreci/models/db.py: 0
[2016-03-26 22:42:27] EDIT nreci/models/db.py: 0
[2016-03-26 22:51:15] EDIT nreci/controllers/default.py: 10
[2016-03-26 22:51:40] EDIT nreci/controllers/default.py: 0
[2016-03-26 22:55:38] EDIT nreci/views/default/index.html: -40
[2016-03-26 22:55:38] EDIT nreci/views/default/index.html: 0
[2016-03-26 22:55:59] CREATE default/show.html: 0
[2016-03-26 22:59:47] EDIT nreci/views/default/show.html: 1
[2016-03-26 22:59:48] EDIT nreci/views/default/show.html: 0
[2016-03-26 23:07:21] EDIT nreci/models/db.py: 0
[2016-03-26 23:07:22] EDIT nreci/models/db.py: 0
[2016-03-26 23:15:23] EDIT nreci/controllers/default.py: 0
[2016-03-26 23:16:20] EDIT nreci/controllers/default.py: 0
[2016-03-26 23:16:21] EDIT nreci/controllers/default.py: 0
[2016-03-26 23:17:02] EDIT nreci/models/db.py: 0
[2016-03-26 23:18:06] EDIT nreci/models/db.py: 0
[2016-03-26 23:18:07] EDIT nreci/models/db.py: 0
[2016-03-26 23:18:20] EDIT nreci/models/db.py: 0
[2016-03-26 23:18:54] EDIT nreci/controllers/default.py: 0
[2016-03-26 23:18:55] EDIT nreci/controllers/default.py: 0
[2016-03-26 23:20:08] EDIT nreci/controllers/default.py: 0
[2016-03-26 23:21:35] EDIT nreci/controllers/default.py: 0
[2016-03-26 23:21:36] EDIT nreci/controllers/default.py: 0
[2016-03-26 23:21:36] EDIT nreci/controllers/default.py: 0
[2016-03-26 23:22:21] EDIT nreci/views/default/index.html: 0
[2016-03-26 23:22:22] EDIT nreci/views/default/index.html: 0
[2016-03-26 23:23:13] EDIT nreci/controllers/default.py: 0
[2016-03-26 23:23:47] EDIT nreci/controllers/default.py: 0
[2016-03-26 23:23:47] EDIT nreci/controllers/default.py: 0
[2016-03-26 23:24:08] EDIT nreci/views/default/index.html: 0
[2016-03-26 23:24:08] EDIT nreci/views/default/index.html: 0
[2016-03-26 23:24:08] EDIT nreci/views/default/index.html: 0
[2016-03-26 23:24:33] EDIT nreci/views/default/index.html: 0
[2016-03-26 23:24:34] EDIT nreci/views/default/index.html: 0
[2016-03-26 23:25:49] EDIT nreci/views/default/show.html: -1
[2016-03-26 23:45:24] EDIT nreci/views/default/index.html: 1
[2016-03-26 23:45:24] EDIT nreci/views/default/index.html: 0
[2016-03-26 23:50:58] EDIT nreci/controllers/default.py: 4
[2016-03-26 23:51:11] EDIT nreci/controllers/default.py: 0
[2016-03-26 23:51:12] EDIT nreci/controllers/default.py: 0
[2016-03-26 23:52:33] EDIT nreci/controllers/default.py: 0
[2016-03-26 23:56:01] EDIT nreci/controllers/default.py: 0
[2016-03-26 23:56:19] CREATE default/mrecis.html: 0
[2016-03-26 23:56:49] EDIT nreci/views/default/mrecis.html: 6
[2016-03-26 23:56:50] EDIT nreci/views/default/mrecis.html: 0
[2016-03-26 23:56:50] EDIT nreci/views/default/mrecis.html: 0
[2016-03-27 00:07:04] EDIT nreci/models/db.py: 0
[2016-03-27 00:07:05] EDIT nreci/models/db.py: 0
[2016-03-27 00:12:09] EDIT nreci/models/db.py: 0
[2016-03-27 00:13:30] EDIT nreci/models/db.py: 0
[2016-03-27 00:21:54] EDIT nreci/controllers/default.py: 0
[2016-03-27 00:37:43] EDIT nreci/views/default/index.html: 0
[2016-03-27 00:38:26] EDIT nreci/views/default/index.html: -1
[2016-03-27 00:38:49] EDIT nreci/views/default/index.html: 0
[2016-03-27 00:39:09] EDIT nreci/views/default/index.html: 0
[2016-03-27 00:40:03] EDIT nreci/views/default/index.html: 0
[2016-03-27 00:40:17] EDIT nreci/views/default/index.html: 0
[2016-03-27 00:40:18] EDIT nreci/views/default/index.html: 0
[2016-03-27 00:55:12] CREATE default/create.html: 0
[2016-03-27 00:55:48] EDIT nreci/views/default/create.html: 0
[2016-03-27 01:03:18] EDIT nreci/models/db.py: 1
[2016-03-27 01:03:37] EDIT nreci/models/db.py: 0
[2016-03-27 01:04:07] EDIT nreci/models/db.py: 0
[2016-03-27 01:11:02] EDIT nreci/models/db.py: 0
[2016-03-27 01:11:17] EDIT nreci/models/db.py: 0
[2016-03-27 01:11:28] EDIT nreci/models/db.py: 0
[2016-03-27 01:12:56] EDIT nreci/models/db.py: 1
[2016-03-27 01:12:56] EDIT nreci/models/db.py: 0
[2016-03-27 01:22:07] EDIT nreci/controllers/default.py: 6
[2016-03-27 01:22:08] EDIT nreci/controllers/default.py: 0
[2016-03-27 01:22:11] EDIT nreci/controllers/default.py: 0
[2016-03-27 01:23:45] EDIT nreci/views/default/mrecis.html: 1
[2016-03-27 01:25:25] EDIT nreci/controllers/default.py: 0
[2016-03-27 11:14:01] EDIT nreci/views/default/index.html: 2
[2016-03-27 11:14:02] EDIT nreci/views/default/index.html: 0
[2016-03-27 11:14:58] EDIT nreci/views/default/index.html: 2
[2016-03-27 11:15:47] EDIT nreci/views/default/index.html: 1
[2016-03-27 11:26:18] EDIT nreci/views/default/index.html: 1
[2016-03-27 11:26:19] EDIT nreci/views/default/index.html: 0
[2016-03-27 11:26:19] EDIT nreci/views/default/index.html: 0
[2016-03-27 11:26:54] EDIT nreci/views/default/index.html: 0
[2016-03-27 11:27:30] EDIT nreci/views/default/index.html: 0
[2016-03-27 11:28:26] EDIT nreci/views/default/index.html: 0
[2016-03-27 11:28:27] EDIT nreci/views/default/index.html: 0
[2016-03-27 11:28:44] EDIT nreci/views/default/index.html: 0
[2016-03-27 11:28:45] EDIT nreci/views/default/index.html: 0
[2016-03-27 11:33:02] EDIT nreci/views/default/index.html: 0
[2016-03-27 11:34:26] EDIT nreci/views/default/index.html: 0
[2016-03-27 11:35:24] EDIT nreci/views/default/index.html: 0
[2016-03-27 11:35:24] EDIT nreci/views/default/index.html: 0
[2016-03-27 11:35:44] EDIT nreci/views/default/index.html: 0
[2016-03-27 11:35:45] EDIT nreci/views/default/index.html: 0
[2016-03-27 11:35:45] EDIT nreci/views/default/index.html: 0
[2016-03-27 11:36:25] EDIT nreci/views/default/index.html: 0
[2016-03-27 11:36:31] EDIT nreci/views/default/index.html: 0
[2016-03-27 11:37:52] EDIT nreci/views/default/index.html: 0
[2016-03-27 11:38:13] EDIT nreci/views/default/index.html: 0
[2016-03-27 11:38:13] EDIT nreci/views/default/index.html: 0
[2016-03-27 11:42:55] EDIT nreci/views/default/index.html: 0
[2016-03-27 11:42:56] EDIT nreci/views/default/index.html: 0
[2016-03-27 11:44:08] EDIT nreci/views/default/index.html: 0
[2016-03-27 11:44:18] EDIT nreci/views/default/index.html: 0
[2016-03-27 11:44:19] EDIT nreci/views/default/index.html: 0
[2016-03-27 11:44:19] EDIT nreci/views/default/index.html: 0
[2016-03-27 11:45:22] EDIT nreci/views/default/index.html: 0
[2016-03-27 11:45:44] EDIT nreci/views/default/index.html: 0
[2016-03-27 11:46:01] EDIT nreci/views/default/index.html: 0
[2016-03-27 11:48:17] EDIT nreci/views/default/index.html: 0
[2016-03-27 11:48:44] EDIT nreci/views/default/index.html: 0
[2016-03-27 11:48:57] EDIT nreci/views/default/index.html: 0
[2016-03-27 11:48:57] EDIT nreci/views/default/index.html: 0
[2016-03-27 11:49:20] EDIT nreci/views/default/index.html: 0
[2016-03-27 11:49:40] EDIT nreci/views/default/index.html: 0
[2016-03-27 11:49:40] EDIT nreci/views/default/index.html: 0
[2016-03-27 11:51:02] EDIT nreci/views/default/index.html: 0
[2016-03-27 11:51:19] EDIT nreci/views/default/index.html: 0
[2016-03-27 11:52:21] EDIT nreci/views/default/index.html: 0
[2016-03-27 11:52:21] EDIT nreci/views/default/index.html: 0
[2016-03-27 11:52:55] EDIT nreci/views/default/index.html: 0
[2016-03-27 11:53:22] EDIT nreci/views/default/index.html: 0
[2016-03-27 11:53:23] EDIT nreci/views/default/index.html: 0
[2016-03-27 11:53:23] EDIT nreci/views/default/index.html: 0
[2016-03-27 11:53:45] EDIT nreci/views/default/index.html: 0
[2016-03-27 11:55:50] EDIT nreci/views/default/index.html: 0
[2016-03-27 11:58:43] EDIT nreci/views/default/index.html: 0
[2016-03-27 11:59:10] EDIT nreci/views/default/index.html: 0
[2016-03-27 11:59:10] EDIT nreci/views/default/index.html: 0
[2016-03-27 12:03:28] EDIT nreci/views/default/index.html: 0
[2016-03-27 12:03:28] EDIT nreci/views/default/index.html: 0
[2016-03-27 12:03:29] EDIT nreci/views/default/index.html: 0
[2016-03-27 12:03:57] EDIT nreci/views/default/index.html: 0
[2016-03-27 12:04:26] EDIT nreci/views/default/index.html: 0
[2016-03-27 12:04:38] EDIT nreci/views/default/index.html: 0
[2016-03-27 12:05:46] EDIT nreci/controllers/default.py: 0
[2016-03-27 12:05:46] EDIT nreci/controllers/default.py: 0
[2016-03-27 12:06:07] EDIT nreci/controllers/default.py: 0
[2016-03-27 12:06:48] EDIT nreci/controllers/default.py: 0
[2016-03-27 12:06:49] EDIT nreci/controllers/default.py: 0
[2016-03-27 12:07:11] EDIT nreci/controllers/default.py: 0
[2016-03-27 12:07:18] EDIT nreci/controllers/default.py: 0
[2016-03-27 12:07:19] EDIT nreci/controllers/default.py: 0
[2016-03-27 12:07:24] EDIT nreci/controllers/default.py: 0
[2016-03-27 12:07:37] EDIT nreci/controllers/default.py: 0
[2016-03-27 12:07:46] EDIT nreci/controllers/default.py: 0
[2016-03-27 12:07:54] EDIT nreci/controllers/default.py: 0
[2016-03-27 15:09:45] EDIT cook/views/default/index.html: -1
[2016-03-27 15:09:56] EDIT cook/views/default/index.html: -1
[2016-03-27 15:10:10] EDIT cook/views/default/index.html: 0
[2016-03-27 15:19:16] EDIT cook/views/layout.html: -8
[2016-03-27 15:19:44] EDIT cook/views/layout.html: 0
[2016-03-27 15:20:18] EDIT cook/views/layout.html: -3
[2016-03-27 15:20:30] EDIT cook/views/layout.html: 0
[2016-03-27 15:20:55] EDIT cook/views/layout.html: -3
[2016-03-27 15:21:39] EDIT cook/views/layout.html: 0
[2016-03-27 15:22:59] EDIT cook/views/layout.html: -10
[2016-03-27 15:23:11] EDIT cook/views/layout.html: -1
[2016-03-27 15:30:20] EDIT cook/views/layout.html: 0
[2016-03-27 15:46:01] EDIT cook/models/menu.py: -1
[2016-03-27 15:46:02] EDIT cook/models/menu.py: 0
[2016-03-27 15:46:02] EDIT cook/models/menu.py: 0
[2016-03-27 15:46:02] EDIT cook/models/menu.py: 0
[2016-03-27 15:46:16] EDIT cook/models/menu.py: 0
[2016-03-27 15:46:44] EDIT cook/models/menu.py: 0
[2016-03-27 15:49:11] EDIT cook/models/menu.py: -1
[2016-03-27 15:49:23] EDIT cook/models/menu.py: 0
[2016-03-27 15:50:44] EDIT cook/models/menu.py: 0
[2016-03-27 15:50:44] EDIT cook/models/menu.py: 0
[2016-03-27 15:51:09] EDIT cook/models/menu.py: 0
[2016-03-27 15:52:12] EDIT cook/models/menu.py: 0
[2016-03-27 15:53:09] EDIT cook/models/menu.py: 0
[2016-03-27 15:54:34] EDIT cook/models/menu.py: 0
[2016-03-27 15:54:55] EDIT cook/models/menu.py: 0
[2016-03-27 15:55:11] EDIT cook/models/menu.py: 0
[2016-03-27 15:56:00] EDIT cook/models/menu.py: 0
[2016-03-27 15:56:21] EDIT cook/models/menu.py: 0
[2016-03-27 15:56:21] EDIT cook/models/menu.py: 0
[2016-03-27 15:56:41] EDIT cook/models/menu.py: 0
[2016-03-27 15:56:48] EDIT cook/models/menu.py: 0
[2016-03-27 15:57:10] EDIT cook/models/menu.py: 0
[2016-03-27 15:57:17] EDIT cook/models/menu.py: 0
[2016-03-27 15:58:05] EDIT cook/models/menu.py: 2
[2016-03-27 15:59:35] EDIT cook/views/layout.html: 0
[2016-03-27 16:03:03] EDIT cook/views/layout.html: 1
[2016-03-27 16:03:34] EDIT cook/views/layout.html: 0
[2016-03-27 16:04:24] EDIT cook/views/layout.html: -1
[2016-03-27 16:05:51] EDIT cook/views/layout.html: 1
[2016-03-27 16:07:26] EDIT cook/views/layout.html: -1
[2016-03-27 16:07:58] EDIT cook/views/layout.html: 0
[2016-03-27 16:09:11] EDIT cook/views/layout.html: 0
[2016-03-27 16:09:54] EDIT cook/views/layout.html: 0
[2016-03-27 16:11:31] EDIT cook/views/layout.html: 0
[2016-03-27 16:12:06] EDIT cook/views/layout.html: 0
[2016-03-27 16:12:42] UPLOAD /home/siddhartha/web2py/applications/cook/static/images/logo.jpg: 334
[2016-03-27 16:15:51] EDIT cook/views/layout.html: 0
[2016-03-27 16:16:06] EDIT cook/views/layout.html: 0
[2016-03-27 16:16:19] EDIT cook/views/layout.html: 0
[2016-03-27 16:16:49] EDIT cook/views/layout.html: 0
[2016-03-27 16:17:24] EDIT cook/views/layout.html: 1
[2016-03-27 16:17:50] EDIT cook/views/layout.html: 0
[2016-03-27 16:18:10] EDIT cook/views/layout.html: -1
[2016-03-27 16:18:44] EDIT cook/views/layout.html: 3
[2016-03-27 16:19:46] EDIT cook/views/layout.html: -3
[2016-03-27 16:20:27] EDIT cook/views/layout.html: -6
[2016-03-27 16:20:43] EDIT cook/views/layout.html: 3
[2016-03-27 16:20:59] EDIT cook/views/layout.html: 0
[2016-03-27 16:21:08] EDIT cook/views/layout.html: 0
[2016-03-27 16:21:23] EDIT cook/views/layout.html: 0
[2016-03-27 16:21:37] EDIT cook/views/layout.html: -3
[2016-03-27 16:22:10] EDIT cook/views/layout.html: 1
[2016-03-27 16:22:31] EDIT cook/views/layout.html: -2
[2016-03-27 16:23:03] EDIT cook/views/layout.html: 0
[2016-03-27 16:23:10] EDIT cook/views/layout.html: -1
[2016-03-27 16:24:21] EDIT cook/views/layout.html: 0
[2016-03-27 16:24:37] EDIT cook/views/layout.html: 0
[2016-03-27 19:53:20] UPLOAD /home/siddhartha/web2py/applications/cook/static/images/background.jpg: 577
[2016-03-27 19:55:11] EDIT cook/views/layout.html: 0
[2016-03-27 19:55:35] EDIT cook/views/layout.html: 0
[2016-03-27 19:55:50] EDIT cook/views/layout.html: 0
[2016-03-27 19:56:03] EDIT cook/views/layout.html: 0
[2016-03-27 19:56:14] EDIT cook/views/layout.html: 0
[2016-03-27 19:57:20] EDIT cook/views/layout.html: 0
[2016-03-27 19:59:41] EDIT cook/views/layout.html: 5
[2016-03-27 19:59:54] EDIT cook/views/layout.html: 0
[2016-03-27 20:00:27] EDIT cook/views/layout.html: 0
[2016-03-27 20:00:39] EDIT cook/views/layout.html: 0
[2016-03-27 20:04:00] EDIT cook/views/layout.html: 0
[2016-03-27 20:04:15] EDIT cook/views/layout.html: 0
[2016-03-27 20:05:08] EDIT cook/views/layout.html: 0
[2016-03-27 20:07:00] EDIT cook/views/layout.html: 3
[2016-03-27 20:07:22] EDIT cook/views/layout.html: -3
[2016-03-27 20:07:23] EDIT cook/views/layout.html: 0
[2016-03-27 20:07:46] EDIT cook/views/layout.html: 1
[2016-03-27 20:07:58] EDIT cook/views/layout.html: 0
[2016-03-27 20:08:53] EDIT cook/views/layout.html: 1
[2016-03-27 20:09:24] EDIT cook/views/layout.html: -1
[2016-03-27 20:10:12] EDIT cook/views/layout.html: 1
[2016-03-27 20:10:21] EDIT cook/views/layout.html: -1
[2016-03-27 20:23:33] DELETE cook/static/images/background.jpg: -577
[2016-03-27 20:23:54] UPLOAD /home/siddhartha/web2py/applications/cook/static/background.jpg: 238
[2016-03-27 20:24:22] UPLOAD /home/siddhartha/web2py/applications/cook/static/images/background.jpg: 238
[2016-03-27 20:27:47] EDIT cook/views/default/user.html: 3
[2016-03-27 20:37:52] EDIT cook/views/default/user.html: 13
[2016-03-27 20:38:15] EDIT cook/views/default/user.html: 0
[2016-03-27 20:39:04] EDIT cook/views/default/user.html: 0
[2016-03-27 20:43:15] EDIT cook/views/default/user.html: 0
[2016-03-27 20:45:34] EDIT cook/views/default/user.html: 1
[2016-03-27 20:45:50] EDIT cook/views/default/user.html: 0
[2016-03-27 20:46:34] EDIT cook/views/default/user.html: -2
[2016-03-27 20:47:17] EDIT cook/views/default/user.html: 19
[2016-03-27 20:48:59] EDIT cook/views/default/user.html: -12
[2016-03-27 20:49:08] EDIT cook/views/default/user.html: -7
[2016-03-27 20:50:19] EDIT cook/views/default/user.html: 0
[2016-03-27 20:53:01] EDIT cook/views/default/user.html: 1
[2016-03-27 20:53:20] EDIT cook/views/default/user.html: 8
[2016-03-27 20:56:01] EDIT cook/views/default/user.html: 0
[2016-03-27 21:25:08] EDIT cook/views/default/index.html: 3
[2016-03-27 21:25:36] EDIT cook/views/default/index.html: 0
[2016-03-27 21:25:46] EDIT cook/views/default/index.html: 0
[2016-03-27 21:50:19] EDIT cook/views/default/index.html: 0
[2016-03-27 21:50:46] EDIT cook/views/default/index.html: 0
[2016-03-27 21:51:15] EDIT cook/views/default/index.html: 0
[2016-03-27 21:52:11] EDIT cook/views/default/index.html: 0
[2016-03-27 21:54:21] EDIT cook/views/default/index.html: 0
[2016-03-27 22:07:05] EDIT cook/views/default/index.html: 0
[2016-03-27 22:08:14] EDIT cook/views/default/index.html: 0
[2016-03-27 22:08:45] EDIT cook/views/default/index.html: 0
[2016-03-27 22:09:11] EDIT cook/views/default/index.html: 0
[2016-03-27 22:09:24] EDIT cook/views/default/index.html: 0
[2016-03-27 22:09:48] EDIT cook/views/default/index.html: 0
[2016-03-27 22:10:26] EDIT cook/views/default/index.html: 0
[2016-03-27 22:14:58] EDIT cook/views/default/index.html: 2
[2016-03-27 22:16:18] EDIT cook/views/default/index.html: 2
[2016-03-27 22:19:13] EDIT cook/views/default/index.html: 3
[2016-03-27 22:19:26] EDIT cook/views/default/index.html: 1
[2016-03-27 22:19:47] EDIT cook/views/default/index.html: 0
[2016-03-27 22:21:45] EDIT cook/views/default/index.html: 0
[2016-03-27 22:23:24] EDIT cook/views/default/index.html: 0
[2016-03-27 22:25:22] EDIT cook/views/default/index.html: 0
[2016-03-27 22:26:04] EDIT cook/views/default/index.html: 2
[2016-03-27 22:27:11] EDIT cook/views/default/index.html: 3
[2016-03-27 22:27:29] EDIT cook/views/default/index.html: 0
[2016-03-27 22:28:29] EDIT cook/views/default/index.html: 0
[2016-03-27 22:28:42] EDIT cook/views/default/index.html: -1
[2016-03-27 22:29:20] EDIT cook/views/default/index.html: 4
[2016-03-27 22:30:18] EDIT cook/views/default/index.html: 0
[2016-03-27 22:30:58] EDIT cook/views/default/index.html: 3
[2016-03-27 22:32:01] EDIT cook/views/default/index.html: 4
[2016-03-27 22:32:17] EDIT cook/views/default/index.html: 0
[2016-03-27 22:32:47] EDIT cook/views/default/index.html: 0
[2016-03-27 22:33:18] EDIT cook/views/default/index.html: -2
[2016-03-27 22:34:04] EDIT cook/views/default/index.html: 1
[2016-03-27 22:34:12] EDIT cook/views/default/index.html: -1
[2016-03-27 22:35:25] EDIT cook/views/default/index.html: 1
[2016-03-27 22:35:42] EDIT cook/views/default/index.html: 1
[2016-03-27 22:37:23] EDIT cook/views/default/index.html: 2
[2016-03-27 22:37:42] EDIT cook/views/default/index.html: 3
[2016-03-27 22:40:03] EDIT cook/views/default/index.html: 0
[2016-03-27 22:40:19] EDIT cook/views/default/index.html: 1
[2016-03-27 22:41:24] EDIT cook/views/default/index.html: 0
[2016-03-27 22:41:43] EDIT cook/views/default/index.html: 0
[2016-03-27 22:43:37] EDIT cook/views/default/index.html: 1
[2016-03-27 22:43:54] EDIT cook/views/default/index.html: 1
[2016-03-27 22:44:30] EDIT cook/views/default/index.html: 1
[2016-03-27 22:45:02] EDIT cook/views/default/index.html: 0
[2016-03-27 22:45:27] EDIT cook/views/default/index.html: -1
[2016-03-27 22:45:48] EDIT cook/views/default/index.html: 0
[2016-03-27 22:46:28] EDIT cook/views/default/index.html: 0
[2016-03-27 22:46:52] EDIT cook/views/default/index.html: 0
[2016-03-27 22:59:11] EDIT cook/views/default/mrecis.html: 21
[2016-03-27 23:16:09] DELETE cook/static/images/logo.jpg: -334
[2016-03-27 23:16:26] UPLOAD /home/siddhartha/web2py/applications/cook/static/images/logo.jpg: 691
[2016-03-27 23:16:54] DELETE cook/static/images/logo.jpg: -691
[2016-03-27 23:17:27] UPLOAD /home/siddhartha/web2py/applications/cook/static/images/logo.jpg: 334
[2016-03-27 23:17:50] DELETE cook/static/background.jpg: -238
[2016-03-27 23:18:26] UPLOAD /home/siddhartha/web2py/applications/cook/static/images/background.jpg: 691
[2016-03-27 23:31:06] EDIT cook/views/default/mrecis.html: 3
[2016-03-27 23:33:50] CREATE default/edit.html: 0
[2016-03-27 23:34:11] EDIT cook/views/default/edit.html: 0
[2016-03-27 23:41:48] EDIT cook/models/db.py: 4
[2016-03-27 23:42:02] EDIT cook/models/db.py: -1
[2016-03-27 23:42:03] EDIT cook/models/db.py: 0
[2016-03-27 23:42:28] EDIT cook/models/db.py: 0
[2016-03-27 23:43:05] EDIT cook/models/db.py: 0
[2016-03-27 23:43:25] EDIT cook/models/db.py: 0
[2016-03-27 23:56:52] EDIT cook/models/db.py: 0
[2016-03-28 00:00:34] EDIT cook/models/db.py: 4
[2016-03-28 00:00:35] EDIT cook/models/db.py: 0
[2016-03-28 00:00:52] EDIT cook/models/db.py: 0
[2016-03-28 00:02:55] EDIT cook/models/db.py: 1
[2016-03-28 00:03:25] EDIT cook/models/db.py: -1
[2016-03-28 00:11:29] EDIT cook/models/db.py: 1
[2016-03-28 00:12:13] EDIT cook/controllers/default.py: 5
[2016-03-28 00:12:46] EDIT cook/controllers/default.py: 0
[2016-03-28 00:20:00] EDIT cook/views/default/show.html: 9
[2016-03-28 00:20:01] EDIT cook/views/default/show.html: 0
[2016-03-28 00:23:16] EDIT cook/views/default/show.html: 0
[2016-03-28 00:24:04] EDIT cook/views/default/show.html: 0
[2016-03-28 00:30:47] EDIT cook/views/default/show.html: 0
[2016-03-28 00:32:27] EDIT cook/views/default/show.html: 9
[2016-03-28 00:33:25] EDIT cook/views/default/show.html: -1
[2016-03-28 00:36:23] EDIT cook/views/default/show.html: -7
[2016-03-28 13:25:29] EDIT cook/views/default/index.html: 3
[2016-03-28 13:28:09] EDIT cook/views/default/mrecis.html: 20
[2016-03-28 13:28:10] EDIT cook/views/default/mrecis.html: 0
[2016-03-28 13:28:31] EDIT cook/views/default/index.html: -2
[2016-03-28 13:28:45] EDIT cook/views/default/index.html: -1
[2016-03-28 13:29:24] EDIT cook/views/default/index.html: 2
[2016-03-28 13:29:47] EDIT cook/views/default/mrecis.html: -3
[2016-03-28 13:30:11] EDIT cook/views/default/mrecis.html: 0
[2016-03-28 13:32:22] EDIT cook/views/default/show.html: 11
[2016-03-28 13:32:43] EDIT cook/views/default/show.html: 21
[2016-03-28 13:32:44] EDIT cook/views/default/show.html: 0
[2016-03-28 13:33:13] EDIT cook/views/default/index.html: -3
[2016-03-28 13:34:16] EDIT cook/views/default/show.html: 0
[2016-03-28 15:19:31] EDIT cook/views/layout.html: 1
[2016-03-28 15:20:08] EDIT cook/views/layout.html: 2
[2016-03-28 15:22:48] EDIT cook/views/layout.html: 1
[2016-03-28 15:23:03] EDIT cook/views/layout.html: -1
[2016-03-28 15:23:35] EDIT cook/views/layout.html: 0
[2016-03-28 15:23:58] EDIT cook/views/layout.html: 0
[2016-03-28 15:24:09] EDIT cook/views/layout.html: 0
[2016-03-28 15:24:29] EDIT cook/views/layout.html: 2
[2016-03-28 15:25:20] EDIT cook/views/layout.html: 0
[2016-03-28 15:32:26] EDIT cook/views/layout.html: 2
[2016-03-28 15:32:58] EDIT cook/views/layout.html: 0
[2016-03-28 15:33:12] EDIT cook/views/layout.html: 0
[2016-03-28 15:33:38] EDIT cook/views/layout.html: 0
[2016-03-28 15:33:55] EDIT cook/views/layout.html: -2
[2016-03-28 15:34:24] EDIT cook/views/layout.html: 0
[2016-03-28 15:37:52] EDIT cook/views/layout.html: 2
[2016-03-28 15:40:03] EDIT cook/views/layout.html: 2
[2016-03-28 15:40:03] EDIT cook/views/layout.html: 0
[2016-03-28 15:40:15] EDIT cook/views/layout.html: -3
[2016-03-28 15:40:48] EDIT cook/views/layout.html: 0
[2016-03-28 15:41:31] EDIT cook/views/layout.html: 4
[2016-03-28 15:43:29] EDIT cook/views/layout.html: 0
[2016-03-28 15:45:06] EDIT cook/views/layout.html: 6
[2016-03-28 15:45:34] EDIT cook/views/layout.html: 0
[2016-03-28 15:46:19] EDIT cook/views/layout.html: 0
[2016-03-28 15:46:56] EDIT cook/views/layout.html: -4
[2016-03-28 15:47:05] EDIT cook/views/layout.html: -3
[2016-03-28 15:47:15] EDIT cook/views/layout.html: 0
[2016-03-28 15:47:26] EDIT cook/views/layout.html: -3
[2016-03-28 15:47:45] EDIT cook/views/layout.html: 0
[2016-03-28 15:48:44] EDIT cook/views/layout.html: 0
[2016-03-28 15:49:49] EDIT cook/views/layout.html: -2
[2016-03-28 15:50:04] EDIT cook/views/layout.html: 1
[2016-03-28 15:50:24] EDIT cook/views/layout.html: 0
[2016-03-28 15:50:55] EDIT cook/views/layout.html: 3
[2016-03-28 15:51:47] EDIT cook/views/layout.html: 0
[2016-03-28 15:52:09] EDIT cook/views/layout.html: 3
[2016-03-28 15:52:48] EDIT cook/views/layout.html: -3
[2016-03-28 15:53:58] EDIT cook/views/layout.html: 3
[2016-03-28 15:54:15] EDIT cook/views/layout.html: 3
[2016-03-28 15:54:58] EDIT cook/views/layout.html: 4
[2016-03-28 15:55:09] EDIT cook/views/layout.html: 0
[2016-03-28 15:55:16] EDIT cook/views/layout.html: 0
[2016-03-28 15:55:57] EDIT cook/views/layout.html: 0
[2016-03-28 15:56:14] EDIT cook/views/layout.html: 0
[2016-03-28 15:56:21] EDIT cook/views/layout.html: 0
[2016-03-28 15:56:36] EDIT cook/views/layout.html: 0
[2016-03-28 15:56:39] EDIT cook/views/layout.html: 0
[2016-03-28 15:56:55] EDIT cook/views/layout.html: 0
[2016-03-28 15:57:11] EDIT cook/views/layout.html: 0
[2016-03-28 15:58:25] EDIT cook/views/layout.html: 0
[2016-03-28 15:58:52] EDIT cook/views/layout.html: 0
[2016-03-28 15:59:05] EDIT cook/views/layout.html: 0
[2016-03-28 15:59:16] EDIT cook/views/layout.html: 0
[2016-03-28 16:03:14] EDIT cook/views/layout.html: 0
[2016-03-28 16:04:33] EDIT cook/views/default/index.html: 0
[2016-03-28 16:06:52] EDIT cook/views/default/index.html: -7
[2016-03-28 16:07:53] EDIT cook/views/default/index.html: 0
[2016-03-28 16:08:04] EDIT cook/views/default/index.html: 0
[2016-03-28 16:08:16] EDIT cook/views/default/index.html: 0
[2016-03-28 16:09:01] EDIT cook/views/default/index.html: -1
[2016-03-28 16:09:21] EDIT cook/views/default/index.html: 0
[2016-03-28 16:11:57] EDIT cook/views/default/index.html: 0
[2016-03-28 16:13:37] EDIT cook/views/default/index.html: 0
[2016-03-28 16:14:34] EDIT cook/views/default/index.html: 3
[2016-03-28 16:15:15] EDIT cook/views/default/index.html: 0
[2016-03-28 16:15:15] EDIT cook/views/default/index.html: 0
[2016-03-28 16:15:24] EDIT cook/views/default/index.html: 0
[2016-03-28 16:15:56] EDIT cook/views/default/index.html: 0
[2016-03-28 16:16:53] EDIT cook/views/default/index.html: 0
[2016-03-28 16:17:01] EDIT cook/views/default/index.html: 0
[2016-03-28 16:19:41] EDIT cook/views/default/index.html: 0
[2016-03-28 16:20:12] EDIT cook/views/default/index.html: 0
[2016-03-28 16:21:08] EDIT cook/views/default/index.html: 0
[2016-03-28 16:21:34] EDIT cook/views/default/index.html: 0
[2016-03-28 16:21:34] EDIT cook/views/default/index.html: 0
[2016-03-28 16:21:53] EDIT cook/views/default/index.html: 0
[2016-03-28 16:21:54] EDIT cook/views/default/index.html: 0
[2016-03-28 16:22:13] EDIT cook/views/default/index.html: 0
[2016-03-28 16:22:38] EDIT cook/views/default/index.html: 0
[2016-03-28 16:28:19] EDIT cook/views/default/index.html: 0
[2016-03-28 16:28:49] EDIT cook/views/default/index.html: 0
[2016-03-28 16:29:03] EDIT cook/views/default/index.html: 0
[2016-03-28 16:33:43] EDIT cook/views/default/index.html: 0
[2016-03-28 16:34:33] EDIT cook/views/default/index.html: 1
[2016-03-28 16:34:46] EDIT cook/views/default/index.html: 1
[2016-03-28 16:35:06] EDIT cook/views/default/index.html: 0
[2016-03-28 16:35:27] EDIT cook/views/default/index.html: -1
[2016-03-28 16:36:01] EDIT cook/views/default/index.html: 1
[2016-03-28 16:36:05] EDIT cook/views/default/index.html: 0
[2016-03-28 16:37:29] EDIT cook/views/default/index.html: 0
[2016-03-28 16:38:34] EDIT cook/views/default/index.html: 2
[2016-03-28 16:38:48] EDIT cook/views/default/index.html: 0
[2016-03-28 16:39:32] EDIT cook/views/default/index.html: 0
[2016-03-28 16:43:49] EDIT cook/views/default/index.html: 1
[2016-03-28 16:44:30] EDIT cook/views/default/index.html: 0
[2016-03-28 16:44:43] EDIT cook/views/default/index.html: 0
[2016-03-28 16:46:11] EDIT cook/views/default/index.html: -4
[2016-03-28 16:46:16] EDIT cook/views/default/index.html: 0
[2016-03-28 16:46:33] EDIT cook/views/default/index.html: 0
[2016-03-28 16:47:35] EDIT cook/views/default/index.html: 4
[2016-03-28 16:48:20] EDIT cook/views/default/index.html: 1
[2016-03-28 16:48:51] EDIT cook/views/default/index.html: 0
[2016-03-28 16:49:06] EDIT cook/views/default/index.html: 0
[2016-03-28 16:50:17] EDIT cook/views/default/index.html: 0
[2016-03-28 16:50:31] EDIT cook/views/default/index.html: 0
[2016-03-28 16:50:43] EDIT cook/views/default/index.html: 0
[2016-03-28 16:51:04] EDIT cook/views/default/index.html: 1
[2016-03-28 16:51:19] EDIT cook/views/default/index.html: 0
[2016-03-28 16:52:12] EDIT cook/views/default/index.html: 1
[2016-03-28 16:53:20] EDIT cook/views/default/index.html: 0
[2016-03-28 16:53:42] EDIT cook/views/default/index.html: 0
[2016-03-28 16:53:58] EDIT cook/views/default/index.html: 0
[2016-03-28 16:55:15] EDIT cook/views/default/index.html: 0
[2016-03-28 16:55:32] EDIT cook/views/default/index.html: 0
[2016-03-28 16:56:09] EDIT cook/views/default/index.html: 3
[2016-03-28 16:56:12] EDIT cook/views/default/index.html: 0
[2016-03-28 16:56:21] EDIT cook/views/default/index.html: 0
[2016-03-28 16:57:33] EDIT cook/views/default/index.html: 1
[2016-03-28 16:57:51] EDIT cook/views/default/index.html: 0
[2016-03-28 16:58:42] EDIT cook/views/default/index.html: 1
[2016-03-28 17:00:28] EDIT cook/views/default/index.html: -11
[2016-03-28 17:00:47] EDIT cook/views/default/index.html: 0
[2016-03-28 17:01:01] EDIT cook/views/default/index.html: 0
[2016-03-28 17:59:01] EDIT cook/controllers/default.py: 0
[2016-03-28 17:59:53] EDIT cook/controllers/default.py: 0
[2016-03-28 18:00:23] EDIT cook/controllers/default.py: 0
[2016-03-28 18:01:37] EDIT cook/controllers/default.py: 2
[2016-03-28 18:03:45] EDIT cook/controllers/default.py: 0
[2016-03-28 18:04:04] EDIT cook/controllers/default.py: -2
[2016-03-28 18:05:04] EDIT cook/controllers/default.py: 0
[2016-03-28 18:05:28] EDIT cook/controllers/default.py: 0
[2016-03-28 18:09:11] EDIT cook/controllers/default.py: 1
[2016-03-28 18:09:27] EDIT cook/controllers/default.py: 0
[2016-03-28 18:09:43] EDIT cook/controllers/default.py: 0
[2016-03-28 18:10:05] EDIT cook/controllers/default.py: 0
[2016-03-28 18:10:25] EDIT cook/controllers/default.py: 0
[2016-03-28 18:11:04] EDIT cook/controllers/default.py: 0
[2016-03-28 18:11:15] EDIT cook/controllers/default.py: 0
[2016-03-28 18:11:47] EDIT cook/controllers/default.py: 0
[2016-03-28 18:16:56] EDIT cook/controllers/default.py: 0
[2016-03-28 18:19:39] EDIT cook/views/default/user.html: -1
[2016-03-28 18:26:50] EDIT cook/controllers/default.py: 2
[2016-03-28 18:31:20] EDIT cook/controllers/default.py: 0
[2016-03-28 18:31:21] EDIT cook/controllers/default.py: 0
[2016-03-28 18:31:53] EDIT cook/controllers/default.py: 2
[2016-03-28 18:31:53] EDIT cook/controllers/default.py: 0
[2016-03-28 18:31:53] EDIT cook/controllers/default.py: 0
[2016-03-28 18:33:09] EDIT cook/controllers/default.py: 3
[2016-03-28 18:33:22] EDIT cook/controllers/default.py: 1
[2016-03-28 18:34:29] EDIT cook/views/default/user.html: 3
[2016-03-28 18:34:50] EDIT cook/views/default/user.html: 1
[2016-03-28 18:35:21] EDIT cook/views/default/user.html: 0
[2016-03-28 18:36:06] EDIT cook/views/default/user.html: 0
[2016-03-28 18:36:21] EDIT cook/views/default/user.html: 0
[2016-03-28 18:37:08] EDIT cook/views/default/user.html: 0
[2016-03-28 18:37:24] EDIT cook/views/default/user.html: 0
[2016-03-28 18:39:58] EDIT cook/controllers/default.py: 3
[2016-03-28 18:40:19] EDIT cook/controllers/default.py: 6
[2016-03-28 18:40:19] EDIT cook/controllers/default.py: 0
[2016-03-28 18:40:20] EDIT cook/controllers/default.py: 0
[2016-03-28 18:43:59] EDIT cook/views/default/index.html: 1
[2016-03-28 18:47:10] EDIT cook/controllers/default.py: 2
[2016-03-28 18:47:33] EDIT cook/controllers/default.py: 0
[2016-03-28 18:48:14] EDIT cook/controllers/default.py: -2
[2016-03-28 18:48:43] EDIT cook/controllers/default.py: 0
[2016-03-28 18:48:44] EDIT cook/controllers/default.py: 0
[2016-03-28 18:49:22] EDIT cook/controllers/default.py: 0
[2016-03-28 19:16:45] DELETE cook/static/images/background.jpg: -691
[2016-03-28 19:17:05] UPLOAD /home/siddhartha/web2py/applications/cook/static/images/background.jpg: 1586
[2016-03-28 19:20:05] EDIT cook/controllers/default.py: 0
[2016-03-28 19:20:06] EDIT cook/controllers/default.py: 0
[2016-03-28 19:21:05] EDIT cook/views/default/next.html: 1
[2016-03-28 19:24:44] EDIT cook/controllers/default.py: 2
[2016-03-28 19:26:57] EDIT cook/controllers/default.py: 3
[2016-03-28 19:27:45] EDIT cook/controllers/default.py: 0
[2016-03-28 19:27:45] EDIT cook/controllers/default.py: 0
[2016-03-28 20:28:16] EDIT cook/views/default/user.html: 3
[2016-03-28 20:28:33] EDIT cook/views/default/user.html: -3
[2016-03-28 20:29:25] EDIT cook/views/default/user.html: 4
[2016-03-28 20:29:39] EDIT cook/views/default/user.html: 0
[2016-03-28 20:29:51] EDIT cook/views/default/user.html: 0
[2016-03-28 20:29:59] EDIT cook/views/default/user.html: 0
[2016-03-28 20:30:17] EDIT cook/views/default/user.html: -4
[2016-03-28 20:31:07] EDIT cook/views/default/user.html: 3
[2016-03-28 20:31:33] EDIT cook/views/default/user.html: -3
[2016-03-28 20:33:39] EDIT cook/views/default/user.html: -1
[2016-03-28 20:34:15] EDIT cook/views/default/user.html: -8
[2016-03-28 20:35:04] EDIT cook/views/default/user.html: 0
[2016-03-28 20:35:24] EDIT cook/views/default/user.html: 0
[2016-03-28 20:37:16] EDIT cook/views/default/user.html: 2
[2016-03-28 20:37:45] EDIT cook/views/default/user.html: 3
[2016-03-28 20:38:31] EDIT cook/views/default/user.html: 1
[2016-03-28 20:38:49] EDIT cook/views/default/user.html: 0
[2016-03-28 20:39:00] EDIT cook/views/default/user.html: 0
[2016-03-28 20:39:14] EDIT cook/views/default/user.html: 0
[2016-03-28 20:39:20] EDIT cook/views/default/user.html: 0
[2016-03-28 20:39:28] EDIT cook/views/default/user.html: 0
[2016-03-28 20:39:45] EDIT cook/views/default/user.html: 0
[2016-03-28 20:39:54] EDIT cook/views/default/user.html: 0
[2016-03-28 20:40:10] EDIT cook/views/default/user.html: 1
[2016-03-28 20:40:24] EDIT cook/views/default/user.html: 0
[2016-03-28 20:40:52] EDIT cook/views/default/user.html: 1
[2016-03-28 20:41:03] EDIT cook/views/default/user.html: 0
[2016-03-28 20:41:33] EDIT cook/views/default/user.html: 1
[2016-03-28 20:41:48] EDIT cook/views/default/user.html: 0
[2016-03-28 20:42:18] EDIT cook/views/default/user.html: 0
[2016-03-28 20:43:08] EDIT cook/views/default/user.html: 1
[2016-03-28 20:43:39] EDIT cook/views/default/user.html: -2
[2016-03-28 20:43:55] EDIT cook/views/default/user.html: -1
[2016-03-28 20:47:29] EDIT cook/views/default/user.html: 0
[2016-03-28 20:47:30] EDIT cook/views/default/user.html: 0
[2016-03-28 20:48:35] EDIT cook/views/default/user.html: 0
[2016-03-28 20:48:50] EDIT cook/views/default/user.html: 0
[2016-03-28 20:50:30] EDIT cook/views/default/user.html: 0
[2016-03-28 20:50:52] EDIT cook/views/default/user.html: 0
[2016-03-28 20:51:01] EDIT cook/views/default/user.html: 0
[2016-03-28 20:51:17] EDIT cook/views/default/user.html: 0
[2016-03-28 20:51:59] EDIT cook/views/default/user.html: 1
[2016-03-28 20:53:03] EDIT cook/views/default/user.html: -1
[2016-03-28 20:53:49] EDIT cook/views/default/user.html: 0
[2016-03-28 20:56:17] EDIT cook/views/default/user.html: 0
[2016-03-28 20:56:33] EDIT cook/views/default/user.html: 0
[2016-03-28 21:41:16] EDIT cook/views/default/index.html: 3
[2016-03-28 21:43:33] EDIT cook/views/default/index.html: 0
[2016-03-28 21:44:25] EDIT cook/views/default/index.html: 0
[2016-03-28 21:45:27] EDIT cook/views/default/index.html: 0
[2016-03-28 21:45:43] EDIT cook/views/default/index.html: 0
[2016-03-28 21:46:10] EDIT cook/views/default/index.html: 0
[2016-03-28 21:47:19] EDIT cook/controllers/default.py: 0
[2016-03-28 21:47:30] EDIT cook/controllers/default.py: 0
[2016-03-28 21:49:33] EDIT cook/models/db.py: 1
[2016-03-28 21:49:41] EDIT cook/models/db.py: 0
[2016-03-28 21:49:42] EDIT cook/models/db.py: 0
[2016-03-28 21:50:14] EDIT cook/models/db.py: 0
[2016-03-28 21:51:07] EDIT cook/controllers/default.py: 0
[2016-03-28 21:51:28] EDIT cook/views/default/index.html: 0
[2016-03-28 21:52:47] EDIT cook/views/default/index.html: 0
[2016-03-28 21:55:52] EDIT cook/controllers/default.py: 0
[2016-03-28 21:56:03] EDIT cook/views/default/index.html: 3
[2016-03-28 21:56:32] EDIT cook/views/default/index.html: 0
[2016-03-28 21:56:52] EDIT cook/controllers/default.py: 0
[2016-03-28 21:57:27] EDIT cook/views/default/index.html: 0
[2016-03-28 21:57:49] EDIT cook/views/default/index.html: 0
[2016-03-28 22:00:34] EDIT cook/views/default/index.html: 0
[2016-03-28 22:01:07] EDIT cook/views/default/index.html: 3
[2016-03-28 22:01:31] EDIT cook/views/default/index.html: -3
[2016-03-28 22:02:27] EDIT cook/controllers/default.py: 0
[2016-03-28 22:03:27] EDIT cook/models/db.py: -1
[2016-03-28 22:08:22] EDIT cook/views/default/show.html: 2
[2016-03-28 22:12:49] EDIT cook/views/default/show.html: 3
[2016-03-28 22:13:24] EDIT cook/views/default/show.html: 1
[2016-03-28 22:15:05] EDIT cook/views/default/show.html: -15
[2016-03-28 22:15:17] EDIT cook/views/default/show.html: -19
[2016-03-28 22:17:03] EDIT cook/views/default/show.html: 7
[2016-03-28 22:17:55] EDIT cook/controllers/default.py: 0
[2016-03-28 22:19:08] EDIT cook/views/default/show.html: 1
[2016-03-28 22:19:43] EDIT cook/views/default/show.html: -1
[2016-03-28 22:20:26] EDIT cook/views/default/show.html: -9
[2016-03-28 22:23:19] EDIT cook/views/default/index.html: 0
[2016-03-28 22:23:33] EDIT cook/views/default/show.html: 1
[2016-03-28 22:24:16] EDIT cook/views/default/show.html: 4
[2016-03-28 22:24:56] EDIT cook/views/default/show.html: 0
[2016-03-28 22:25:17] EDIT cook/views/default/show.html: 0
[2016-03-28 22:26:22] EDIT cook/views/default/show.html: 3
[2016-03-28 22:26:32] EDIT cook/views/default/show.html: 0
[2016-03-28 22:26:48] EDIT cook/views/default/show.html: 0
[2016-03-28 22:27:37] EDIT cook/views/default/show.html: 7
[2016-03-28 22:27:58] EDIT cook/views/default/show.html: 0
[2016-03-28 22:28:35] EDIT cook/views/default/show.html: 0
[2016-03-28 22:28:36] EDIT cook/views/default/show.html: 0
[2016-03-28 22:29:06] EDIT cook/views/default/show.html: 3
[2016-03-28 22:29:40] EDIT cook/views/default/show.html: 1
[2016-03-28 22:29:52] EDIT cook/views/default/show.html: 0
[2016-03-28 22:33:11] EDIT cook/views/default/show.html: 6
[2016-03-28 22:33:38] EDIT cook/views/default/show.html: 0
[2016-03-28 22:34:28] EDIT cook/views/default/show.html: 0
[2016-03-28 22:34:53] EDIT cook/views/default/show.html: 0
[2016-03-28 22:48:32] EDIT cook/views/default/show.html: 1
[2016-03-28 23:48:49] EDIT cook/views/default/show.html: 0
[2016-03-28 23:52:27] EDIT cook/views/default/show.html: 3
[2016-03-28 23:54:40] EDIT cook/views/default/show.html: 3
[2016-03-28 23:54:41] EDIT cook/views/default/show.html: 0
[2016-03-28 23:54:59] EDIT cook/views/default/show.html: 0
[2016-03-29 00:02:50] EDIT cook/views/default/index.html: 0
[2016-03-29 00:03:08] EDIT cook/views/default/index.html: 3
[2016-03-29 00:03:51] EDIT cook/views/default/index.html: 0
[2016-03-29 00:04:22] EDIT cook/views/default/index.html: 0
[2016-03-29 00:05:43] EDIT cook/views/default/index.html: 0
[2016-03-29 00:06:16] EDIT cook/views/default/index.html: 0
[2016-03-29 00:06:25] EDIT cook/views/default/index.html: 0
[2016-03-29 00:06:37] EDIT cook/views/default/index.html: 0
[2016-03-29 00:06:51] EDIT cook/views/default/index.html: 0
[2016-03-29 00:07:02] EDIT cook/views/default/index.html: 0
[2016-03-29 00:07:19] EDIT cook/views/default/index.html: 0
[2016-03-29 00:07:30] EDIT cook/views/default/index.html: 0
[2016-03-29 00:11:27] EDIT cook/models/db.py: -1
[2016-03-29 00:11:37] EDIT cook/models/db.py: 0
[2016-03-29 00:11:38] EDIT cook/models/db.py: 0
[2016-03-29 00:11:39] EDIT cook/models/db.py: 0
[2016-03-29 00:12:07] EDIT cook/models/db.py: 0
[2016-03-29 00:12:27] EDIT cook/models/db.py: -1
[2016-03-29 00:12:56] EDIT cook/models/db.py: -2
[2016-03-29 00:14:02] EDIT cook/models/db.py: 0
[2016-03-29 00:14:08] EDIT cook/models/db.py: 0
[2016-03-29 00:14:08] EDIT cook/models/db.py: 0
[2016-03-29 00:15:26] EDIT cook/models/db.py: 0
[2016-03-29 00:16:26] EDIT cook/views/default/show.html: 0
[2016-03-29 00:19:41] EDIT cook/views/default/show.html: 0
[2016-03-29 00:19:57] EDIT cook/views/default/show.html: 0
[2016-03-29 00:23:00] EDIT cook/views/default/show.html: 1
[2016-03-29 00:26:57] EDIT cook/views/default/index.html: 0
[2016-03-29 00:27:36] EDIT cook/views/default/index.html: 0
[2016-03-29 00:28:08] EDIT cook/views/default/index.html: 0
[2016-03-29 00:28:44] EDIT cook/views/default/index.html: 0
[2016-03-29 00:31:01] EDIT cook/views/default/index.html: 0
[2016-03-29 00:36:06] EDIT cook/models/db.py: 0
[2016-03-29 00:36:25] EDIT cook/models/db.py: 0
[2016-03-29 00:46:44] EDIT cook/views/default/index.html: 0
[2016-03-29 00:50:32] EDIT cook/controllers/default.py: 0
[2016-03-29 00:52:34] EDIT cook/controllers/default.py: 0
[2016-03-29 00:55:38] EDIT cook/controllers/default.py: 0
[2016-03-29 00:55:58] EDIT cook/controllers/default.py: 0
[2016-03-29 00:57:36] EDIT cook/controllers/default.py: 0
[2016-03-29 00:58:00] EDIT cook/controllers/default.py: 0
[2016-03-29 00:58:01] EDIT cook/controllers/default.py: 0
[2016-03-29 00:58:30] EDIT cook/controllers/default.py: 0
[2016-03-29 10:45:47] EDIT cook/views/default/index.html: -1
[2016-03-29 10:47:19] EDIT cook/views/default/index.html: 0
[2016-03-29 10:48:03] EDIT cook/views/default/index.html: 0
[2016-03-29 10:48:38] EDIT cook/views/default/index.html: 2
[2016-03-29 10:49:34] EDIT cook/views/default/index.html: 3
[2016-03-29 10:49:40] EDIT cook/views/default/index.html: 0
[2016-03-29 10:49:57] EDIT cook/views/default/index.html: 0
[2016-03-29 10:50:19] EDIT cook/views/default/index.html: 1
[2016-03-29 10:51:08] EDIT cook/views/default/index.html: 0
[2016-03-29 10:51:26] EDIT cook/views/default/index.html: -1
[2016-03-29 10:51:26] EDIT cook/views/default/index.html: 0
[2016-03-29 10:54:11] UPLOAD /home/siddhartha/web2py/applications/cook/static/images/title.jpg: 238
[2016-03-29 10:55:33] EDIT cook/views/default/index.html: 1
[2016-03-29 10:55:34] EDIT cook/views/default/index.html: 0
[2016-03-29 10:55:40] EDIT cook/views/default/index.html: 0
[2016-03-29 10:55:56] EDIT cook/views/default/index.html: 0
[2016-03-29 10:58:21] EDIT cook/views/default/index.html: 0
[2016-03-29 10:58:54] EDIT cook/views/default/index.html: -1
[2016-03-29 10:59:35] EDIT cook/views/default/index.html: 0
[2016-03-29 11:01:32] EDIT cook/views/default/index.html: -1
[2016-03-29 11:02:16] EDIT cook/views/default/index.html: 0
[2016-03-29 11:02:40] EDIT cook/views/default/index.html: 0
[2016-03-29 11:02:51] EDIT cook/views/default/index.html: 0
[2016-03-29 11:02:59] EDIT cook/views/default/index.html: 0
[2016-03-29 11:03:09] EDIT cook/views/default/index.html: 0
[2016-03-29 11:04:29] EDIT cook/views/default/index.html: 3
[2016-03-29 11:04:45] EDIT cook/views/default/index.html: 0
[2016-03-29 11:04:56] EDIT cook/views/default/index.html: 1
[2016-03-29 11:05:16] EDIT cook/views/default/index.html: 1
[2016-03-29 11:05:42] EDIT cook/views/default/index.html: 0
[2016-03-29 11:05:52] EDIT cook/views/default/index.html: 0
[2016-03-29 11:06:16] EDIT cook/views/default/index.html: 0
[2016-03-29 11:06:26] EDIT cook/views/default/index.html: 0
[2016-03-29 11:08:33] EDIT cook/views/default/index.html: 1
[2016-03-29 11:08:41] EDIT cook/views/default/index.html: 0
[2016-03-29 11:08:42] EDIT cook/views/default/index.html: 0
[2016-03-29 11:09:17] EDIT cook/views/default/index.html: 0
[2016-03-29 11:09:57] EDIT cook/views/default/index.html: 0
[2016-03-29 11:16:32] EDIT cook/views/default/index.html: 0
[2016-03-29 11:17:37] EDIT cook/views/default/index.html: 3
[2016-03-29 11:18:11] EDIT cook/views/default/index.html: 1
[2016-03-29 11:18:18] EDIT cook/views/default/index.html: 0
[2016-03-29 11:18:37] EDIT cook/views/default/index.html: 1
[2016-03-29 11:18:44] EDIT cook/views/default/index.html: 0
[2016-03-29 11:19:29] EDIT cook/views/default/index.html: 0
[2016-03-29 13:48:01] EDIT cook/views/default/index.html: -3
[2016-03-29 13:48:43] EDIT cook/views/default/index.html: -3
[2016-03-29 13:49:28] EDIT cook/views/default/index.html: 2
[2016-03-29 13:50:01] EDIT cook/views/default/index.html: 3
[2016-03-29 13:50:21] EDIT cook/views/default/index.html: 0
[2016-03-29 13:51:00] EDIT cook/views/default/index.html: 2
[2016-03-29 13:51:14] EDIT cook/views/default/index.html: 0
[2016-03-29 13:51:29] EDIT cook/views/default/index.html: 0
[2016-03-29 13:51:49] EDIT cook/views/default/index.html: 1
[2016-03-29 13:52:04] EDIT cook/views/default/index.html: 1
[2016-03-29 13:52:19] EDIT cook/views/default/index.html: -1
[2016-03-29 13:52:37] EDIT cook/views/default/index.html: 1
[2016-03-29 13:53:21] EDIT cook/views/default/index.html: 2
[2016-03-29 13:55:13] EDIT cook/views/default/index.html: 0
[2016-03-29 13:57:53] EDIT cook/views/default/mrecis.html: 0
[2016-03-29 14:01:15] EDIT cook/views/default/mrecis.html: 1
[2016-03-29 14:01:31] EDIT cook/views/default/mrecis.html: 2
[2016-03-29 14:01:55] EDIT cook/views/default/mrecis.html: 0
[2016-03-29 14:03:28] EDIT cook/views/default/mrecis.html: 0
[2016-03-29 14:03:38] EDIT cook/views/default/mrecis.html: 0
[2016-03-29 14:03:59] EDIT cook/views/default/mrecis.html: 0
[2016-03-29 14:04:09] EDIT cook/views/default/mrecis.html: 0
[2016-03-29 14:05:18] EDIT cook/views/default/mrecis.html: 0
[2016-03-29 14:05:30] EDIT cook/views/default/mrecis.html: 0
[2016-03-29 14:05:40] EDIT cook/views/default/mrecis.html: 0
[2016-03-29 14:06:09] EDIT cook/views/default/mrecis.html: 0
[2016-03-29 14:06:30] EDIT cook/views/default/mrecis.html: 0
[2016-03-29 14:07:10] EDIT cook/views/default/mrecis.html: 0
[2016-03-29 14:08:50] EDIT cook/views/default/mrecis.html: 0
[2016-03-29 14:09:35] EDIT cook/views/default/mrecis.html: -8
[2016-03-29 14:28:53] EDIT cook/models/db.py: -1
[2016-03-29 14:30:13] EDIT cook/models/db.py: 1
[2016-03-29 14:30:19] EDIT cook/models/db.py: 0
[2016-03-29 14:30:58] EDIT cook/models/db.py: 0
[2016-03-29 14:31:48] EDIT cook/models/db.py: 0
[2016-03-29 14:35:04] EDIT cook/controllers/default.py: 0
[2016-03-29 14:36:17] EDIT cook/views/default/show.html: 3
[2016-03-29 14:38:06] EDIT cook/controllers/default.py: 0
[2016-03-29 14:38:10] EDIT cook/views/default/show.html: 0
[2016-03-29 14:46:20] EDIT cook/views/default/show.html: 0
[2016-03-29 14:46:35] EDIT cook/views/default/show.html: 0
[2016-03-29 14:49:59] EDIT cook/views/default/show.html: 0
[2016-03-29 14:50:13] EDIT cook/views/default/show.html: 0
[2016-03-29 14:51:58] EDIT cook/models/db.py: 0
[2016-03-29 14:52:34] EDIT cook/models/db.py: 0
[2016-03-29 14:56:08] EDIT cook/controllers/default.py: 0
[2016-03-29 14:56:45] EDIT cook/views/default/show.html: 0
[2016-03-29 14:58:50] EDIT cook/views/default/show.html: 0
[2016-03-29 14:59:32] EDIT cook/controllers/default.py: 0
[2016-03-29 15:00:00] EDIT cook/controllers/default.py: 0
[2016-03-29 15:00:00] EDIT cook/controllers/default.py: 0
[2016-03-29 15:03:47] EDIT cook/views/default/show.html: 0
[2016-03-29 15:04:39] EDIT cook/views/default/show.html: 0
[2016-03-29 15:04:40] EDIT cook/views/default/show.html: 0
[2016-03-29 15:04:40] EDIT cook/views/default/show.html: 0
[2016-03-29 15:05:42] EDIT cook/views/default/show.html: 0
[2016-03-29 15:06:07] EDIT cook/views/default/show.html: 0
[2016-03-29 15:16:45] EDIT cook/views/default/show.html: -1
[2016-03-29 15:32:25] EDIT cook/controllers/default.py: 1
[2016-03-29 15:33:14] EDIT cook/views/default/show.html: -1
[2016-03-29 15:35:53] EDIT cook/controllers/default.py: 0
[2016-03-29 15:35:59] EDIT cook/controllers/default.py: 0
[2016-03-29 15:36:00] EDIT cook/controllers/default.py: 0
[2016-03-29 15:36:00] EDIT cook/controllers/default.py: 0
[2016-03-29 15:36:00] EDIT cook/controllers/default.py: 0
[2016-03-29 15:36:18] EDIT cook/controllers/default.py: -1
[2016-03-29 15:36:24] EDIT cook/controllers/default.py: 1
[2016-03-29 15:37:40] EDIT cook/models/db.py: 0
[2016-03-29 15:40:05] EDIT cook/controllers/default.py: 4
[2016-03-29 15:40:12] EDIT cook/controllers/default.py: 0
[2016-03-29 15:40:30] EDIT cook/controllers/default.py: 0
[2016-03-29 15:43:41] EDIT cook/controllers/default.py: 1
[2016-03-29 15:44:10] EDIT cook/controllers/default.py: 0
[2016-03-29 15:46:01] EDIT cook/models/db.py: 0
[2016-03-29 15:46:20] EDIT cook/models/db.py: 0
[2016-03-29 15:49:18] EDIT cook/models/db.py: 0
[2016-03-29 15:52:02] EDIT cook/models/db.py: 0
[2016-03-29 15:52:38] EDIT cook/controllers/default.py: 0
[2016-03-29 15:52:57] EDIT cook/controllers/default.py: -1
[2016-03-29 15:53:19] EDIT cook/controllers/default.py: -1
[2016-03-29 15:54:14] EDIT cook/models/db.py: 0
[2016-03-29 15:54:30] EDIT cook/models/db.py: 0
[2016-03-29 15:54:50] EDIT cook/models/db.py: -4
[2016-03-29 15:54:51] EDIT cook/models/db.py: 0
[2016-03-29 15:55:42] EDIT cook/controllers/default.py: -3
[2016-03-29 15:55:48] EDIT cook/controllers/default.py: 0
[2016-03-29 15:57:42] EDIT cook/models/db.py: 4
[2016-03-29 15:58:02] EDIT cook/models/db.py: 0
[2016-03-29 15:58:38] EDIT cook/models/db.py: 0
[2016-03-29 16:00:08] EDIT cook/models/db.py: 0
[2016-03-29 16:00:24] EDIT cook/models/db.py: 0
[2016-03-29 16:00:36] EDIT cook/models/db.py: 0
[2016-03-29 16:01:23] EDIT cook/controllers/default.py: 0
[2016-03-29 16:01:24] EDIT cook/controllers/default.py: 0
[2016-03-29 16:02:28] EDIT cook/controllers/default.py: 1
[2016-03-29 16:02:34] EDIT cook/controllers/default.py: 0
[2016-03-29 16:02:53] EDIT cook/controllers/default.py: 0
[2016-03-29 16:02:53] EDIT cook/controllers/default.py: 0
[2016-03-29 16:02:53] EDIT cook/controllers/default.py: 0
[2016-03-29 16:02:54] EDIT cook/controllers/default.py: 0
[2016-03-29 16:02:54] EDIT cook/controllers/default.py: 0
[2016-03-29 16:03:06] EDIT cook/controllers/default.py: 0
[2016-03-29 16:03:07] EDIT cook/controllers/default.py: 0
[2016-03-29 16:03:22] EDIT cook/controllers/default.py: 0
[2016-03-29 16:04:26] EDIT cook/controllers/default.py: 1
[2016-03-29 16:05:30] EDIT cook/controllers/default.py: 3
[2016-03-29 16:05:38] EDIT cook/controllers/default.py: 0
[2016-03-29 16:14:21] EDIT cook/controllers/default.py: 5
[2016-03-29 16:14:34] EDIT cook/controllers/default.py: 0
[2016-03-29 16:16:31] EDIT cook/views/default/show.html: 0
[2016-03-29 16:16:58] EDIT cook/views/default/show.html: 0
[2016-03-29 16:18:20] EDIT cook/controllers/default.py: 0
[2016-03-29 16:19:57] EDIT cook/controllers/default.py: 0
[2016-03-29 16:21:19] EDIT cook/controllers/default.py: 0
[2016-03-29 16:21:27] EDIT cook/controllers/default.py: 0
[2016-03-29 16:22:02] EDIT cook/controllers/default.py: 0
[2016-03-29 16:22:36] EDIT cook/controllers/default.py: 0
[2016-03-29 16:22:37] EDIT cook/controllers/default.py: 0
[2016-03-29 16:23:08] EDIT cook/controllers/default.py: 0
[2016-03-29 16:30:27] EDIT cook/controllers/default.py: 5
[2016-03-29 16:30:32] EDIT cook/controllers/default.py: 0
[2016-03-29 16:30:45] EDIT cook/controllers/default.py: 1
[2016-03-29 16:31:36] EDIT cook/controllers/default.py: 0
[2016-03-29 16:32:22] EDIT cook/controllers/default.py: 0
[2016-03-29 16:32:56] EDIT cook/controllers/default.py: 1
[2016-03-29 16:34:16] EDIT cook/views/default/like.html: 0
[2016-03-29 16:34:30] EDIT cook/views/default/show.html: 0
[2016-03-29 16:36:10] EDIT cook/views/default/like.html: 0
[2016-03-29 16:39:31] EDIT cook/controllers/default.py: 0
[2016-03-29 16:39:37] EDIT cook/views/default/like.html: 0
[2016-03-29 16:39:38] EDIT cook/views/default/show.html: 0
[2016-03-29 16:41:08] EDIT cook/views/default/like.html: 0
[2016-03-29 16:47:25] EDIT cook/controllers/default.py: 3
[2016-03-29 16:47:25] EDIT cook/controllers/default.py: 0
[2016-03-29 16:48:26] EDIT cook/controllers/default.py: 0
[2016-03-29 16:48:38] EDIT cook/views/default/show.html: 0
[2016-03-29 16:54:47] EDIT cook/controllers/default.py: 1
[2016-03-29 16:55:29] EDIT cook/controllers/default.py: 1
[2016-03-29 16:57:55] EDIT cook/controllers/default.py: 1
[2016-03-29 16:58:15] EDIT cook/controllers/default.py: 0
[2016-03-29 16:58:25] EDIT cook/controllers/default.py: 0
[2016-03-29 16:58:25] EDIT cook/controllers/default.py: 0
[2016-03-29 16:59:15] EDIT cook/controllers/default.py: 0
[2016-03-29 17:06:49] EDIT cook/controllers/default.py: 1
[2016-03-29 17:07:03] EDIT cook/controllers/default.py: 0
[2016-03-29 17:07:03] EDIT cook/controllers/default.py: 0
[2016-03-29 17:07:04] EDIT cook/controllers/default.py: 0
[2016-03-29 17:07:13] EDIT cook/controllers/default.py: 0
[2016-03-29 17:07:25] EDIT cook/controllers/default.py: -1
[2016-03-29 17:07:26] EDIT cook/controllers/default.py: 0
[2016-03-29 17:07:26] EDIT cook/controllers/default.py: 0
[2016-03-29 17:08:15] EDIT cook/controllers/default.py: 0
[2016-03-29 17:08:55] EDIT cook/controllers/default.py: -1
[2016-03-29 17:09:34] EDIT cook/controllers/default.py: 0
[2016-03-29 17:10:19] EDIT cook/controllers/default.py: 0
[2016-03-29 17:10:33] EDIT cook/controllers/default.py: 0
[2016-03-29 17:14:48] EDIT cook/controllers/default.py: 0
[2016-03-29 17:15:06] EDIT cook/controllers/default.py: 0
[2016-03-29 17:16:23] EDIT cook/controllers/default.py: 0
[2016-03-29 17:16:36] EDIT cook/controllers/default.py: 0
[2016-03-29 17:16:36] EDIT cook/controllers/default.py: 0
[2016-03-29 17:18:45] EDIT cook/controllers/default.py: 0
[2016-03-29 17:19:01] EDIT cook/controllers/default.py: 0
[2016-03-29 17:21:35] EDIT cook/controllers/default.py: 2
[2016-03-29 17:22:19] EDIT cook/controllers/default.py: 2
[2016-03-29 17:22:54] EDIT cook/controllers/default.py: 0
[2016-03-29 17:23:01] EDIT cook/controllers/default.py: 0
[2016-03-29 17:23:32] EDIT cook/controllers/default.py: 0
[2016-03-29 17:24:56] EDIT cook/views/default/show.html: 3
[2016-03-29 17:25:22] EDIT cook/views/default/show.html: 0
[2016-03-29 17:27:47] EDIT cook/controllers/default.py: 0
[2016-03-29 17:47:59] EDIT cook/controllers/default.py: -1
[2016-03-29 17:49:48] EDIT cook/controllers/default.py: 1
[2016-03-29 17:53:02] EDIT cook/controllers/default.py: 1
[2016-03-29 17:57:38] EDIT cook/models/db.py: 0
[2016-03-29 18:06:09] EDIT cook/models/db.py: 0
[2016-03-29 18:08:16] EDIT cook/views/default/index.html: 0
[2016-03-29 18:09:34] EDIT cook/controllers/default.py: 0
[2016-03-29 18:10:56] EDIT cook/views/default/index.html: 0
[2016-03-29 18:12:35] EDIT cook/views/default/index.html: 2
[2016-03-29 18:13:03] EDIT cook/views/default/index.html: 1
[2016-03-29 18:13:13] EDIT cook/views/default/index.html: 0
[2016-03-29 18:13:25] EDIT cook/views/default/index.html: 0
[2016-03-29 18:13:37] EDIT cook/views/default/index.html: 0
[2016-03-29 18:14:08] EDIT cook/views/default/index.html: 2
[2016-03-29 18:16:15] EDIT cook/views/default/mrecis.html: 0
[2016-03-29 18:16:27] EDIT cook/views/default/mrecis.html: 0
[2016-03-29 18:16:47] EDIT cook/views/default/mrecis.html: 0
[2016-03-29 18:19:42] EDIT cook/views/layout.html: 0
[2016-03-29 18:19:50] EDIT cook/views/layout.html: 0
[2016-03-29 18:19:58] EDIT cook/views/layout.html: 0
[2016-03-29 18:20:10] EDIT cook/views/layout.html: 0
[2016-03-29 18:20:19] EDIT cook/views/layout.html: 0
[2016-03-29 18:23:37] EDIT cook/models/menu.py: -91
[2016-03-29 18:27:39] EDIT cook/models/menu.py: 2
[2016-03-29 18:27:48] EDIT cook/models/menu.py: -1
[2016-03-29 18:29:49] EDIT cook/views/layout.html: 3
[2016-03-29 18:30:05] EDIT cook/views/layout.html: -10
[2016-03-29 18:31:34] EDIT cook/views/layout.html: 0
[2016-03-29 18:32:09] EDIT cook/views/layout.html: 0
[2016-03-29 18:32:21] EDIT cook/views/layout.html: 0
[2016-03-29 18:32:37] EDIT cook/views/layout.html: 0
[2016-03-29 18:33:26] EDIT cook/views/layout.html: 0
[2016-03-29 18:34:18] EDIT cook/views/layout.html: 0
[2016-03-29 18:35:23] EDIT cook/views/layout.html: 0
[2016-03-29 18:35:31] EDIT cook/views/layout.html: 0
[2016-03-29 18:36:04] EDIT cook/views/layout.html: 0
[2016-03-29 18:36:19] EDIT cook/views/layout.html: 0
[2016-03-29 18:36:35] EDIT cook/views/layout.html: 0
[2016-03-29 18:36:57] EDIT cook/views/layout.html: 0
[2016-03-29 18:37:10] EDIT cook/views/layout.html: 0
[2016-03-29 18:37:19] EDIT cook/views/layout.html: 0
[2016-03-29 18:38:15] EDIT cook/views/layout.html: 0
[2016-03-29 18:38:17] EDIT cook/views/layout.html: 0
[2016-03-29 18:39:02] EDIT cook/views/layout.html: 0
[2016-03-29 18:39:22] EDIT cook/views/layout.html: 2
[2016-03-29 18:40:15] EDIT cook/views/layout.html: 0
[2016-03-29 18:40:32] EDIT cook/views/layout.html: 0
[2016-03-29 18:40:51] EDIT cook/views/layout.html: 0
[2016-03-29 18:41:06] EDIT cook/views/layout.html: 0
[2016-03-29 18:41:33] EDIT cook/views/layout.html: 0
[2016-03-29 18:43:02] EDIT cook/models/menu.py: 0
[2016-03-29 18:43:50] EDIT cook/views/layout.html: 0
[2016-03-29 18:51:06] EDIT cook/controllers/default.py: 0
[2016-03-29 18:51:50] EDIT cook/controllers/default.py: 0
[2016-03-29 18:52:09] EDIT cook/controllers/default.py: 0
[2016-03-29 18:52:20] EDIT cook/controllers/default.py: 0
[2016-03-29 18:52:23] EDIT cook/controllers/default.py: 0
[2016-03-29 18:52:23] EDIT cook/controllers/default.py: 0
[2016-03-29 18:52:53] EDIT cook/controllers/default.py: 0
[2016-03-29 18:53:41] EDIT cook/controllers/default.py: 0
[2016-03-29 18:53:53] EDIT cook/controllers/default.py: 0
[2016-03-29 18:54:05] EDIT cook/controllers/default.py: 0
[2016-03-29 18:56:05] EDIT cook/controllers/default.py: 0
[2016-03-29 18:56:28] EDIT cook/controllers/default.py: 0
[2016-03-29 18:56:36] EDIT cook/controllers/default.py: 0
[2016-03-29 18:58:41] EDIT cook/controllers/default.py: 4
[2016-03-29 19:01:57] EDIT cook/controllers/default.py: 0
[2016-03-29 19:03:10] EDIT cook/controllers/default.py: -4
[2016-03-29 19:12:46] EDIT cook/controllers/default.py: 4
[2016-03-29 19:12:52] EDIT cook/controllers/default.py: 0
[2016-03-29 19:12:52] EDIT cook/controllers/default.py: 0
[2016-03-29 19:17:53] EDIT cook/controllers/default.py: 7
[2016-03-29 19:18:04] EDIT cook/controllers/default.py: 1
[2016-03-29 19:18:12] EDIT cook/controllers/default.py: 0
[2016-03-29 19:19:07] EDIT cook/controllers/default.py: 0
[2016-03-29 19:26:49] EDIT cook/views/default/Unlike.html: 2
[2016-03-29 19:27:09] EDIT cook/views/default/Unlike.html: 0
[2016-03-29 20:15:03] EDIT cook/controllers/default.py: 0
[2016-03-29 20:17:56] EDIT cook/controllers/default.py: 0
[2016-03-29 20:18:33] EDIT cook/models/db.py: 0
[2016-03-29 20:19:45] EDIT cook/controllers/default.py: 0
[2016-03-29 20:21:05] EDIT cook/models/db.py: 0
[2016-03-29 20:22:12] EDIT cook/controllers/default.py: 0
[2016-03-29 20:24:02] EDIT cook/controllers/default.py: 0
[2016-03-29 20:25:13] EDIT cook/controllers/default.py: 0
[2016-03-29 20:27:03] EDIT cook/controllers/default.py: 0
[2016-03-29 20:27:19] EDIT cook/controllers/default.py: 0
[2016-03-29 20:27:52] EDIT cook/controllers/default.py: 0
[2016-03-29 21:38:54] EDIT cook/controllers/default.py: 0
[2016-03-29 21:39:52] EDIT cook/views/default/Unlike.html: -1
[2016-03-29 21:42:00] EDIT cook/controllers/default.py: 0
[2016-03-29 21:47:46] EDIT cook/controllers/default.py: 0
[2016-03-29 21:53:00] EDIT cook/controllers/default.py: 0
[2016-03-29 21:55:53] EDIT cook/controllers/default.py: 0
[2016-03-29 22:08:45] EDIT cook/models/db.py: 0
[2016-03-29 22:08:52] EDIT cook/models/db.py: 0
[2016-03-29 22:09:12] EDIT cook/models/db.py: 0
[2016-03-29 22:10:16] EDIT cook/models/db.py: 0
[2016-03-29 22:11:55] EDIT cook/controllers/default.py: 0
[2016-03-29 22:13:29] EDIT cook/controllers/default.py: 0
[2016-03-29 22:19:54] EDIT cook/controllers/default.py: -4
[2016-03-29 22:20:18] EDIT cook/controllers/default.py: 0
[2016-03-29 22:22:12] EDIT cook/controllers/default.py: -4
[2016-03-29 22:23:00] EDIT cook/controllers/default.py: 0
[2016-03-29 22:23:23] EDIT cook/controllers/default.py: 0
[2016-03-29 22:26:28] EDIT cook/controllers/default.py: -4
[2016-03-29 22:26:29] EDIT cook/controllers/default.py: 0
[2016-03-29 22:30:58] EDIT cook/controllers/default.py: 0
[2016-03-29 22:54:37] EDIT cook/controllers/default.py: -1
[2016-03-29 22:55:06] EDIT cook/controllers/default.py: 0
[2016-03-29 22:55:15] EDIT cook/controllers/default.py: -1
[2016-03-29 23:09:02] EDIT cook/models/db.py: 2
[2016-03-29 23:09:13] EDIT cook/models/db.py: 0
[2016-03-29 23:09:14] EDIT cook/models/db.py: 0
[2016-03-29 23:09:21] EDIT cook/models/db.py: 0
[2016-03-29 23:09:22] EDIT cook/models/db.py: 0
[2016-03-29 23:13:12] EDIT cook/controllers/default.py: 0
[2016-03-29 23:20:01] EDIT cook/controllers/default.py: 2
[2016-03-29 23:55:42] EDIT cook/controllers/default.py: 0
[2016-03-29 23:56:54] EDIT cook/controllers/default.py: 0
[2016-03-30 00:11:46] EDIT cook/controllers/default.py: 4
[2016-03-30 00:11:50] EDIT cook/controllers/default.py: 0
[2016-03-30 00:12:47] EDIT cook/controllers/default.py: 8
[2016-03-30 00:12:48] EDIT cook/controllers/default.py: 0
[2016-03-30 00:17:21] EDIT cook/controllers/default.py: 0
[2016-03-30 00:17:55] EDIT cook/controllers/default.py: 0
[2016-03-30 00:19:00] EDIT cook/controllers/default.py: 1
[2016-03-30 00:19:27] EDIT cook/controllers/default.py: 0
[2016-03-30 00:39:50] EDIT cook/controllers/default.py: 0
[2016-03-30 00:39:57] EDIT cook/controllers/default.py: 0
[2016-03-30 00:40:45] EDIT cook/controllers/default.py: -9
[2016-03-30 00:41:37] EDIT cook/controllers/default.py: -4
[2016-03-30 00:41:51] EDIT cook/controllers/default.py: 0
[2016-03-30 00:42:56] EDIT cook/controllers/default.py: 0
[2016-03-30 00:47:41] EDIT cook/controllers/default.py: 0
[2016-03-30 00:50:21] EDIT cook/controllers/default.py: 0
[2016-03-30 01:16:56] EDIT cook/models/db.py: 0
