[2016-03-29 10:50:53] START
[2016-03-29 10:52:13] EDIT recipes/models/db.py: 0
[2016-03-29 10:52:50] EDIT recipes/models/db.py: -11
[2016-03-29 10:53:01] EDIT recipes/models/db.py: 0
[2016-03-29 10:54:05] EDIT recipes/controllers/default.py: 16
[2016-03-29 10:56:59] EDIT recipes/views/default/index.html: 49
[2016-03-29 10:57:12] EDIT recipes/views/default/index.html: 0
[2016-03-29 10:57:51] CREATE editrecipes.html: 0
[2016-03-29 10:59:00] EDIT recipes/views/editrecipes.html: 28
[2016-03-29 10:59:18] CREATE myrecipe.html: 0
[2016-03-29 10:59:46] EDIT recipes/views/myrecipe.html: 61
[2016-03-29 11:00:08] CREATE show.html: 0
[2016-03-29 11:00:34] EDIT recipes/views/show.html: 32
[2016-03-29 11:03:01] EDIT recipes/models/menu.py: 1
[2016-03-29 11:05:01] EDIT recipes/views/default/index.html: 0
[2016-03-29 11:07:22] EDIT recipes/views/default/index.html: 0
[2016-03-29 11:10:45] EDIT recipes/views/default/show.html: 0
[2016-03-29 11:14:36] EDIT recipes/views/default/show.html: 0
[2016-03-29 14:47:18] EDIT recipes/views/default/index.html: 0
[2016-03-29 14:47:52] EDIT recipes/views/default/index.html: 0
[2016-03-29 14:48:07] EDIT recipes/views/default/index.html: 0
[2016-03-29 14:53:02] EDIT recipes/views/default/index.html: 0
[2016-03-29 14:53:40] EDIT recipes/views/default/index.html: 0
[2016-03-29 14:54:20] EDIT recipes/views/default/index.html: 0
[2016-03-29 14:54:46] EDIT recipes/views/default/index.html: 0
[2016-03-29 14:55:41] EDIT recipes/views/default/index.html: 0
[2016-03-29 14:56:09] EDIT recipes/views/default/index.html: 0
[2016-03-29 16:27:50] EDIT recipes/views/default/show.html: 0
[2016-03-29 16:30:15] EDIT recipes/views/default/show.html: 0
[2016-03-29 16:34:02] EDIT recipes/views/default/show.html: 0
[2016-03-29 16:36:59] EDIT recipes/views/default/show.html: 0
[2016-03-29 16:38:51] EDIT recipes/views/default/editrecipes.html: 0
[2016-03-29 16:39:59] EDIT recipes/views/default/editrecipes.html: 0
[2016-03-29 16:44:47] EDIT recipes/controllers/default.py: 0
[2016-03-29 16:46:10] EDIT recipes/controllers/default.py: 0
[2016-03-29 16:48:01] EDIT recipes/views/default/index.html: 0
[2016-03-29 16:49:02] EDIT recipes/controllers/default.py: 1
[2016-03-29 16:50:56] EDIT recipes/views/default/show.html: 0
[2016-03-29 16:52:37] EDIT recipes/views/default/show.html: 0
[2016-03-29 16:55:56] EDIT recipes/views/default/show.html: 1
[2016-03-29 16:56:35] EDIT recipes/views/default/show.html: 0
[2016-03-29 16:58:06] EDIT recipes/views/default/show.html: -1
[2016-03-29 17:00:41] EDIT recipes/views/default/show.html: 0
[2016-03-29 17:00:51] EDIT recipes/views/default/show.html: 0
[2016-03-29 17:03:51] EDIT recipes/views/default/show.html: 0
[2016-03-29 17:05:46] EDIT recipes/views/default/show.html: 0
[2016-03-29 17:17:30] EDIT recipes/views/default/show.html: 0
[2016-03-29 17:19:10] EDIT recipes/views/default/show.html: 0
[2016-03-29 17:19:57] EDIT recipes/views/default/show.html: 0
[2016-03-29 17:21:15] EDIT recipes/views/default/show.html: 0
[2016-03-29 17:21:32] EDIT recipes/views/default/show.html: 0
[2016-03-29 17:23:32] EDIT recipes/views/default/show.html: 0
[2016-03-29 17:24:53] EDIT recipes/views/default/show.html: 0
[2016-03-29 17:25:27] EDIT recipes/views/default/show.html: 0
[2016-03-29 17:25:43] EDIT recipes/views/default/show.html: 0
[2016-03-29 17:26:53] EDIT recipes/views/default/show.html: 0
[2016-03-29 17:27:09] EDIT recipes/views/default/show.html: 0
[2016-03-29 17:27:25] EDIT recipes/views/default/show.html: 0
[2016-03-29 17:28:50] EDIT recipes/views/default/show.html: 2
[2016-03-29 17:29:24] EDIT recipes/views/default/show.html: -2
[2016-03-29 17:30:13] EDIT recipes/views/default/show.html: 1
[2016-03-29 17:31:35] EDIT recipes/views/default/show.html: 0
[2016-03-29 17:32:04] EDIT recipes/views/default/show.html: 1
[2016-03-29 17:33:10] EDIT recipes/views/default/show.html: 0
[2016-03-29 17:35:07] EDIT recipes/views/default/show.html: 0
[2016-03-29 17:37:10] EDIT recipes/views/default/show.html: 0
[2016-03-29 17:37:20] EDIT recipes/controllers/default.py: 0
[2016-03-29 17:38:54] EDIT recipes/views/default/editrecipes.html: 1
[2016-03-29 17:40:05] EDIT recipes/views/default/editrecipes.html: 0
[2016-03-29 17:40:58] EDIT recipes/views/default/editrecipes.html: 0
[2016-03-29 17:42:58] EDIT recipes/views/default/editrecipes.html: 2
[2016-03-29 17:44:46] EDIT recipes/views/default/editrecipes.html: 0
[2016-03-29 17:45:15] EDIT recipes/views/default/editrecipes.html: 1
[2016-03-29 17:45:45] EDIT recipes/views/default/editrecipes.html: 1
[2016-03-29 17:46:07] EDIT recipes/views/default/editrecipes.html: 0
[2016-03-29 17:47:20] EDIT recipes/views/default/editrecipes.html: 0
[2016-03-29 17:47:48] EDIT recipes/views/default/editrecipes.html: 0
[2016-03-29 17:48:07] EDIT recipes/views/default/editrecipes.html: 0
[2016-03-29 17:48:28] EDIT recipes/views/default/editrecipes.html: 0
[2016-03-29 17:49:42] EDIT recipes/views/default/editrecipes.html: 0
[2016-03-29 17:52:11] EDIT recipes/views/default/myrecipe.html: 5
[2016-03-29 17:52:26] EDIT recipes/views/default/myrecipe.html: 0
[2016-03-29 17:53:43] EDIT recipes/views/default/myrecipe.html: 0
[2016-03-29 17:54:04] EDIT recipes/views/default/myrecipe.html: 0
[2016-03-29 17:55:47] EDIT recipes/views/default/myrecipe.html: 0
[2016-03-29 17:56:15] EDIT recipes/views/default/myrecipe.html: 0
[2016-03-29 17:56:46] EDIT recipes/views/default/myrecipe.html: 0
[2016-03-29 17:58:22] EDIT recipes/views/default/myrecipe.html: 0
[2016-03-29 17:59:09] EDIT recipes/views/default/myrecipe.html: 0
[2016-03-29 18:00:04] EDIT recipes/views/default/myrecipe.html: 0
[2016-03-29 18:00:57] EDIT recipes/views/default/myrecipe.html: 0
[2016-03-29 18:01:31] EDIT recipes/views/default/myrecipe.html: 0
[2016-03-29 18:04:18] EDIT recipes/views/default/myrecipe.html: 0
[2016-03-29 18:05:03] EDIT recipes/controllers/default.py: 0
[2016-03-29 18:05:17] EDIT recipes/views/default/editrecipes.html: 0
[2016-03-29 18:05:50] EDIT recipes/views/default/editrecipes.html: 0
[2016-03-29 18:06:04] EDIT recipes/views/default/editrecipes.html: 0
[2016-03-29 18:07:00] EDIT recipes/views/default/user.html: 0
[2016-03-29 18:16:25] EDIT recipes/views/default/myrecipe.html: 0
[2016-03-29 18:18:35] EDIT recipes/views/default/user.html: 9
[2016-03-29 18:18:58] EDIT recipes/views/default/user.html: -2
[2016-03-29 18:19:12] EDIT recipes/views/default/user.html: 2
[2016-03-29 18:19:28] EDIT recipes/views/default/user.html: -2
[2016-03-29 18:21:42] EDIT recipes/views/default/user.html: 0
[2016-03-29 18:21:54] EDIT recipes/views/default/user.html: 0
[2016-03-29 18:22:42] EDIT recipes/views/default/user.html: 0
[2016-03-29 18:22:51] EDIT recipes/views/default/user.html: 0
[2016-03-29 18:23:40] EDIT recipes/views/default/user.html: 0
[2016-03-29 18:24:02] EDIT recipes/views/default/myrecipe.html: 0
[2016-03-29 18:26:03] EDIT recipes/views/default/myrecipe.html: 0
[2016-03-29 18:26:36] EDIT recipes/views/default/myrecipe.html: 0
[2016-03-29 18:27:49] EDIT recipes/views/default/myrecipe.html: 0
[2016-03-29 18:28:11] EDIT recipes/views/default/myrecipe.html: 0
[2016-03-29 18:29:22] EDIT recipes/views/default/myrecipe.html: 0
[2016-03-29 18:29:59] EDIT recipes/views/default/myrecipe.html: 0
[2016-03-29 18:30:18] EDIT recipes/views/default/myrecipe.html: 0
[2016-03-29 18:30:36] EDIT recipes/views/default/myrecipe.html: 0
[2016-03-29 18:38:13] EDIT recipes/views/default/index.html: 5
[2016-03-31 19:30:31] EDIT recipes/controllers/default.py: 3
[2016-03-31 19:30:31] EDIT recipes/controllers/default.py: 0
[2016-03-31 19:31:54] EDIT recipes/models/menu.py: 3
[2016-03-31 19:31:54] EDIT recipes/models/menu.py: 0
[2016-03-31 19:31:55] EDIT recipes/models/menu.py: 0
[2016-03-31 19:31:55] EDIT recipes/models/menu.py: 0
[2016-03-31 19:32:09] CREATE default/manage.html: 0
[2016-03-31 19:32:21] EDIT recipes/views/default/manage.html: -2
[2016-03-31 19:32:21] EDIT recipes/views/default/manage.html: 0
[2016-03-31 19:32:22] EDIT recipes/views/default/manage.html: 0
[2016-03-31 19:32:22] EDIT recipes/views/default/manage.html: 0
[2016-03-31 19:32:22] EDIT recipes/views/default/manage.html: 0
[2016-03-31 19:32:22] EDIT recipes/views/default/manage.html: 0
[2016-03-31 19:32:22] EDIT recipes/views/default/manage.html: 0
[2016-03-31 19:32:23] EDIT recipes/views/default/manage.html: 0
[2016-03-31 19:32:23] EDIT recipes/views/default/manage.html: 0
[2016-03-31 19:32:23] EDIT recipes/views/default/manage.html: 0
[2016-03-31 20:27:20] EDIT recipes/controllers/default.py: 2
[2016-03-31 20:27:20] EDIT recipes/controllers/default.py: 0
[2016-03-31 20:27:20] EDIT recipes/controllers/default.py: 0
[2016-03-31 20:27:20] EDIT recipes/controllers/default.py: 0
