[2016-03-20 16:30:57] START
[2016-03-20 16:37:12] EDIT recipe1/controllers/default.py: -1
[2016-03-20 19:20:16] EDIT recipe1/models/db.py: 17
[2016-03-20 19:20:18] EDIT recipe1/models/db.py: 0
[2016-03-20 19:21:05] EDIT recipe1/models/db.py: 1
[2016-03-20 19:21:06] EDIT recipe1/models/db.py: 0
[2016-03-20 19:25:21] EDIT recipe1/models/db.py: 4
[2016-03-20 19:25:21] EDIT recipe1/models/db.py: 0
[2016-03-20 19:34:27] EDIT recipe1/controllers/default.py: 9
[2016-03-20 19:35:40] EDIT recipe1/controllers/default.py: 0
[2016-03-20 19:35:41] EDIT recipe1/controllers/default.py: 0
[2016-03-20 19:35:41] EDIT recipe1/controllers/default.py: 0
[2016-03-20 19:36:59] CREATE default/create.html: 0
[2016-03-20 19:37:41] EDIT recipe1/views/default/create.html: 0
[2016-03-20 19:43:12] EDIT recipe1/views/default/index.html: -37
[2016-03-20 19:43:41] EDIT recipe1/models/db.py: 0
[2016-03-20 19:43:41] EDIT recipe1/models/db.py: 0
[2016-03-20 19:47:16] EDIT recipe1/models/db.py: -24
[2016-03-20 19:47:16] EDIT recipe1/models/db.py: 0
[2016-03-20 19:47:17] EDIT recipe1/models/db.py: 0
[2016-03-20 19:47:17] EDIT recipe1/models/db.py: 0
[2016-03-20 19:47:18] EDIT recipe1/models/db.py: 0
[2016-03-20 19:47:18] EDIT recipe1/models/db.py: 0
[2016-03-20 19:48:45] EDIT recipe1/models/db.py: 0
[2016-03-20 19:48:45] EDIT recipe1/models/db.py: 0
[2016-03-20 19:48:50] EDIT recipe1/models/db.py: 0
[2016-03-20 19:48:51] EDIT recipe1/models/db.py: 0
[2016-03-20 19:50:29] EDIT recipe1/models/db.py: 0
[2016-03-20 19:50:29] EDIT recipe1/models/db.py: 0
[2016-03-20 19:51:09] EDIT recipe1/models/db.py: 0
[2016-03-20 19:51:09] EDIT recipe1/models/db.py: 0
[2016-03-20 19:51:09] EDIT recipe1/models/db.py: 0
[2016-03-20 19:51:10] EDIT recipe1/models/db.py: 0
[2016-03-20 19:51:10] EDIT recipe1/models/db.py: 0
[2016-03-20 19:51:10] EDIT recipe1/models/db.py: 0
[2016-03-20 19:51:10] EDIT recipe1/models/db.py: 0
[2016-03-20 19:51:10] EDIT recipe1/models/db.py: 0
[2016-03-20 19:51:10] EDIT recipe1/models/db.py: 0
[2016-03-20 19:51:11] EDIT recipe1/models/db.py: 0
[2016-03-20 19:54:56] EDIT recipe1/views/default/index.html: 0
[2016-03-20 19:55:59] EDIT recipe1/views/default/index.html: -1
[2016-03-20 19:55:59] EDIT recipe1/views/default/index.html: 0
[2016-03-20 19:57:39] EDIT recipe1/views/default/index.html: 2
[2016-03-20 19:57:48] EDIT recipe1/views/default/index.html: 0
[2016-03-20 19:57:48] EDIT recipe1/views/default/index.html: 0
[2016-03-20 19:57:49] EDIT recipe1/views/default/index.html: 0
[2016-03-20 19:58:16] EDIT recipe1/views/default/index.html: -1
[2016-03-20 19:58:17] EDIT recipe1/views/default/index.html: 0
[2016-03-20 20:37:53] EDIT recipe1/models/db.py: 0
[2016-03-20 20:37:54] EDIT recipe1/models/db.py: 0
[2016-03-20 20:47:34] DELETE recipe1/views/default/create.html: -3
[2016-03-20 20:47:42] CREATE default/create.html: 0
[2016-03-20 20:49:58] EDIT recipe1/controllers/default.py: -1
[2016-03-20 20:49:58] EDIT recipe1/controllers/default.py: 0
[2016-03-20 20:51:25] EDIT recipe1/controllers/default.py: 1
[2016-03-20 20:51:25] EDIT recipe1/controllers/default.py: 0
[2016-03-20 20:51:43] EDIT recipe1/controllers/default.py: 0
[2016-03-20 20:52:03] EDIT recipe1/controllers/default.py: 0
[2016-03-20 20:52:22] EDIT recipe1/controllers/default.py: 0
[2016-03-20 20:52:23] EDIT recipe1/controllers/default.py: 0
[2016-03-20 20:57:43] EDIT recipe1/controllers/default.py: 2
[2016-03-20 20:57:51] EDIT recipe1/controllers/default.py: 1
[2016-03-20 20:57:52] EDIT recipe1/controllers/default.py: 0
[2016-03-20 20:57:52] EDIT recipe1/controllers/default.py: 0
[2016-03-20 21:01:12] EDIT recipe1/controllers/default.py: 1
[2016-03-20 21:01:13] EDIT recipe1/controllers/default.py: 0
[2016-03-20 21:01:37] EDIT recipe1/views/default/create.html: 0
[2016-03-21 18:29:40] EDIT recipe1/models/db.py: 0
[2016-03-21 18:29:41] EDIT recipe1/models/db.py: 0
[2016-03-21 18:31:13] EDIT recipe1/controllers/default.py: -1
[2016-03-21 18:34:42] EDIT recipe1/controllers/default.py: 0
[2016-03-21 19:23:41] EDIT recipe1/controllers/default.py: -1
