[2016-03-26 10:42:14] START
[2016-03-26 10:42:44] EDIT nreci/controllers/default.py: -1
[2016-03-26 10:42:45] EDIT nreci/controllers/default.py: 0
[2016-03-26 10:42:46] EDIT nreci/controllers/default.py: 0
[2016-03-26 11:09:27] EDIT nreci/models/db.py: 5
[2016-03-26 11:09:28] EDIT nreci/models/db.py: 0
[2016-03-26 11:09:28] EDIT nreci/models/db.py: 0
[2016-03-26 11:09:28] EDIT nreci/models/db.py: 0
[2016-03-26 11:10:28] EDIT nreci/models/db.py: 1
[2016-03-26 11:10:29] EDIT nreci/models/db.py: 0
[2016-03-26 11:10:29] EDIT nreci/models/db.py: 0
[2016-03-26 11:16:20] EDIT nreci/models/db.py: -1
[2016-03-26 11:16:20] EDIT nreci/models/db.py: 0
[2016-03-26 11:16:21] EDIT nreci/models/db.py: 0
[2016-03-26 11:17:29] EDIT nreci/models/db.py: 0
[2016-03-26 11:17:52] EDIT nreci/models/db.py: 0
[2016-03-26 11:17:53] EDIT nreci/models/db.py: 0
[2016-03-26 11:17:53] EDIT nreci/models/db.py: 0
[2016-03-26 11:17:53] EDIT nreci/models/db.py: 0
[2016-03-26 11:20:36] EDIT nreci/models/db.py: -2
[2016-03-26 11:21:59] EDIT nreci/models/db.py: 1
[2016-03-26 11:21:59] EDIT nreci/models/db.py: 0
[2016-03-26 11:22:09] EDIT nreci/models/db.py: 0
[2016-03-26 11:22:09] EDIT nreci/models/db.py: 0
[2016-03-26 11:22:09] EDIT nreci/models/db.py: 0
[2016-03-26 11:22:09] EDIT nreci/models/db.py: 0
[2016-03-26 11:22:10] EDIT nreci/models/db.py: 0
[2016-03-26 11:22:22] EDIT nreci/models/db.py: 0
[2016-03-26 11:22:23] EDIT nreci/models/db.py: 0
[2016-03-26 11:22:39] EDIT nreci/models/db.py: 0
[2016-03-26 11:22:40] EDIT nreci/models/db.py: 0
[2016-03-26 11:22:40] EDIT nreci/models/db.py: 0
[2016-03-26 11:22:40] EDIT nreci/models/db.py: 0
[2016-03-26 11:42:32] EDIT nreci/models/db.py: 20
[2016-03-26 11:44:18] EDIT nreci/models/db.py: 0
[2016-03-26 11:44:18] EDIT nreci/models/db.py: 0
[2016-03-26 18:23:35] EDIT nreci/controllers/default.py: 2
[2016-03-26 18:23:58] CREATE default/register.html: 0
[2016-03-26 18:24:35] EDIT nreci/views/default/register.html: 2
[2016-03-26 18:24:35] EDIT nreci/views/default/register.html: 0
[2016-03-26 18:24:35] EDIT nreci/views/default/register.html: 0
[2016-03-26 18:24:51] EDIT nreci/views/default/register.html: -1
[2016-03-26 18:24:52] EDIT nreci/views/default/register.html: 0
[2016-03-26 18:24:52] EDIT nreci/views/default/register.html: 0
[2016-03-26 18:34:22] EDIT nreci/models/db.py: 0
[2016-03-26 18:34:22] EDIT nreci/models/db.py: 0
[2016-03-26 18:34:51] EDIT nreci/models/db.py: 0
[2016-03-26 18:34:52] EDIT nreci/models/db.py: 0
[2016-03-26 18:45:30] EDIT nreci/models/db.py: 0
[2016-03-26 22:28:54] EDIT nreci/models/db.py: 7
[2016-03-26 22:28:55] EDIT nreci/models/db.py: 0
[2016-03-26 22:32:43] EDIT nreci/models/db.py: 3
[2016-03-26 22:32:44] EDIT nreci/models/db.py: 0
[2016-03-26 22:32:44] EDIT nreci/models/db.py: 0
[2016-03-26 22:34:05] EDIT nreci/models/db.py: -17
[2016-03-26 22:34:06] EDIT nreci/models/db.py: 0
[2016-03-26 22:35:12] EDIT nreci/models/db.py: 1
[2016-03-26 22:35:13] EDIT nreci/models/db.py: 0
[2016-03-26 22:36:02] EDIT nreci/models/db.py: -7
[2016-03-26 22:36:42] EDIT nreci/models/db.py: 0
[2016-03-26 22:36:42] EDIT nreci/models/db.py: 0
[2016-03-26 22:37:36] EDIT nreci/models/db.py: 0
[2016-03-26 22:37:49] EDIT nreci/models/db.py: 0
[2016-03-26 22:41:49] EDIT nreci/models/db.py: 1
[2016-03-26 22:41:50] EDIT nreci/models/db.py: 0
[2016-03-26 22:42:27] EDIT nreci/models/db.py: 0
[2016-03-26 22:51:15] EDIT nreci/controllers/default.py: 10
[2016-03-26 22:51:40] EDIT nreci/controllers/default.py: 0
[2016-03-26 22:55:38] EDIT nreci/views/default/index.html: -40
[2016-03-26 22:55:38] EDIT nreci/views/default/index.html: 0
[2016-03-26 22:55:59] CREATE default/show.html: 0
[2016-03-26 22:59:47] EDIT nreci/views/default/show.html: 1
[2016-03-26 22:59:48] EDIT nreci/views/default/show.html: 0
[2016-03-26 23:07:21] EDIT nreci/models/db.py: 0
[2016-03-26 23:07:22] EDIT nreci/models/db.py: 0
[2016-03-26 23:15:23] EDIT nreci/controllers/default.py: 0
[2016-03-26 23:16:20] EDIT nreci/controllers/default.py: 0
[2016-03-26 23:16:21] EDIT nreci/controllers/default.py: 0
[2016-03-26 23:17:02] EDIT nreci/models/db.py: 0
[2016-03-26 23:18:06] EDIT nreci/models/db.py: 0
[2016-03-26 23:18:07] EDIT nreci/models/db.py: 0
[2016-03-26 23:18:20] EDIT nreci/models/db.py: 0
[2016-03-26 23:18:54] EDIT nreci/controllers/default.py: 0
[2016-03-26 23:18:55] EDIT nreci/controllers/default.py: 0
[2016-03-26 23:20:08] EDIT nreci/controllers/default.py: 0
[2016-03-26 23:21:35] EDIT nreci/controllers/default.py: 0
[2016-03-26 23:21:36] EDIT nreci/controllers/default.py: 0
[2016-03-26 23:21:36] EDIT nreci/controllers/default.py: 0
[2016-03-26 23:22:21] EDIT nreci/views/default/index.html: 0
[2016-03-26 23:22:22] EDIT nreci/views/default/index.html: 0
[2016-03-26 23:23:13] EDIT nreci/controllers/default.py: 0
[2016-03-26 23:23:47] EDIT nreci/controllers/default.py: 0
[2016-03-26 23:23:47] EDIT nreci/controllers/default.py: 0
[2016-03-26 23:24:08] EDIT nreci/views/default/index.html: 0
[2016-03-26 23:24:08] EDIT nreci/views/default/index.html: 0
[2016-03-26 23:24:08] EDIT nreci/views/default/index.html: 0
[2016-03-26 23:24:33] EDIT nreci/views/default/index.html: 0
[2016-03-26 23:24:34] EDIT nreci/views/default/index.html: 0
[2016-03-26 23:25:49] EDIT nreci/views/default/show.html: -1
[2016-03-26 23:45:24] EDIT nreci/views/default/index.html: 1
[2016-03-26 23:45:24] EDIT nreci/views/default/index.html: 0
[2016-03-26 23:50:58] EDIT nreci/controllers/default.py: 4
[2016-03-26 23:51:11] EDIT nreci/controllers/default.py: 0
[2016-03-26 23:51:12] EDIT nreci/controllers/default.py: 0
[2016-03-26 23:52:33] EDIT nreci/controllers/default.py: 0
[2016-03-26 23:56:01] EDIT nreci/controllers/default.py: 0
[2016-03-26 23:56:19] CREATE default/mrecis.html: 0
[2016-03-26 23:56:49] EDIT nreci/views/default/mrecis.html: 6
[2016-03-26 23:56:50] EDIT nreci/views/default/mrecis.html: 0
[2016-03-26 23:56:50] EDIT nreci/views/default/mrecis.html: 0
[2016-03-27 00:07:04] EDIT nreci/models/db.py: 0
[2016-03-27 00:07:05] EDIT nreci/models/db.py: 0
[2016-03-27 00:12:09] EDIT nreci/models/db.py: 0
[2016-03-27 00:13:30] EDIT nreci/models/db.py: 0
[2016-03-27 00:21:54] EDIT nreci/controllers/default.py: 0
[2016-03-27 00:37:43] EDIT nreci/views/default/index.html: 0
[2016-03-27 00:38:26] EDIT nreci/views/default/index.html: -1
[2016-03-27 00:38:49] EDIT nreci/views/default/index.html: 0
[2016-03-27 00:39:09] EDIT nreci/views/default/index.html: 0
[2016-03-27 00:40:03] EDIT nreci/views/default/index.html: 0
[2016-03-27 00:40:17] EDIT nreci/views/default/index.html: 0
[2016-03-27 00:40:18] EDIT nreci/views/default/index.html: 0
[2016-03-27 00:55:12] CREATE default/create.html: 0
[2016-03-27 00:55:48] EDIT nreci/views/default/create.html: 0
[2016-03-27 01:03:18] EDIT nreci/models/db.py: 1
[2016-03-27 01:03:37] EDIT nreci/models/db.py: 0
[2016-03-27 01:04:07] EDIT nreci/models/db.py: 0
[2016-03-27 01:11:02] EDIT nreci/models/db.py: 0
[2016-03-27 01:11:17] EDIT nreci/models/db.py: 0
[2016-03-27 01:11:28] EDIT nreci/models/db.py: 0
[2016-03-27 01:12:56] EDIT nreci/models/db.py: 1
[2016-03-27 01:12:56] EDIT nreci/models/db.py: 0
[2016-03-27 01:22:07] EDIT nreci/controllers/default.py: 6
[2016-03-27 01:22:08] EDIT nreci/controllers/default.py: 0
[2016-03-27 01:22:11] EDIT nreci/controllers/default.py: 0
[2016-03-27 01:23:45] EDIT nreci/views/default/mrecis.html: 1
[2016-03-27 01:25:25] EDIT nreci/controllers/default.py: 0
[2016-03-27 11:14:01] EDIT nreci/views/default/index.html: 2
[2016-03-27 11:14:02] EDIT nreci/views/default/index.html: 0
[2016-03-27 11:14:58] EDIT nreci/views/default/index.html: 2
[2016-03-27 11:15:47] EDIT nreci/views/default/index.html: 1
[2016-03-27 11:26:18] EDIT nreci/views/default/index.html: 1
[2016-03-27 11:26:19] EDIT nreci/views/default/index.html: 0
[2016-03-27 11:26:19] EDIT nreci/views/default/index.html: 0
[2016-03-27 11:26:54] EDIT nreci/views/default/index.html: 0
[2016-03-27 11:27:30] EDIT nreci/views/default/index.html: 0
[2016-03-27 11:28:26] EDIT nreci/views/default/index.html: 0
[2016-03-27 11:28:27] EDIT nreci/views/default/index.html: 0
[2016-03-27 11:28:44] EDIT nreci/views/default/index.html: 0
[2016-03-27 11:28:45] EDIT nreci/views/default/index.html: 0
[2016-03-27 11:33:02] EDIT nreci/views/default/index.html: 0
[2016-03-27 11:34:26] EDIT nreci/views/default/index.html: 0
[2016-03-27 11:35:24] EDIT nreci/views/default/index.html: 0
[2016-03-27 11:35:24] EDIT nreci/views/default/index.html: 0
[2016-03-27 11:35:44] EDIT nreci/views/default/index.html: 0
[2016-03-27 11:35:45] EDIT nreci/views/default/index.html: 0
[2016-03-27 11:35:45] EDIT nreci/views/default/index.html: 0
[2016-03-27 11:36:25] EDIT nreci/views/default/index.html: 0
[2016-03-27 11:36:31] EDIT nreci/views/default/index.html: 0
[2016-03-27 11:37:52] EDIT nreci/views/default/index.html: 0
[2016-03-27 11:38:13] EDIT nreci/views/default/index.html: 0
[2016-03-27 11:38:13] EDIT nreci/views/default/index.html: 0
[2016-03-27 11:42:55] EDIT nreci/views/default/index.html: 0
[2016-03-27 11:42:56] EDIT nreci/views/default/index.html: 0
[2016-03-27 11:44:08] EDIT nreci/views/default/index.html: 0
[2016-03-27 11:44:18] EDIT nreci/views/default/index.html: 0
[2016-03-27 11:44:19] EDIT nreci/views/default/index.html: 0
[2016-03-27 11:44:19] EDIT nreci/views/default/index.html: 0
[2016-03-27 11:45:22] EDIT nreci/views/default/index.html: 0
[2016-03-27 11:45:44] EDIT nreci/views/default/index.html: 0
[2016-03-27 11:46:01] EDIT nreci/views/default/index.html: 0
[2016-03-27 11:48:17] EDIT nreci/views/default/index.html: 0
[2016-03-27 11:48:44] EDIT nreci/views/default/index.html: 0
[2016-03-27 11:48:57] EDIT nreci/views/default/index.html: 0
[2016-03-27 11:48:57] EDIT nreci/views/default/index.html: 0
[2016-03-27 11:49:20] EDIT nreci/views/default/index.html: 0
[2016-03-27 11:49:40] EDIT nreci/views/default/index.html: 0
[2016-03-27 11:49:40] EDIT nreci/views/default/index.html: 0
[2016-03-27 11:51:02] EDIT nreci/views/default/index.html: 0
[2016-03-27 11:51:19] EDIT nreci/views/default/index.html: 0
[2016-03-27 11:52:21] EDIT nreci/views/default/index.html: 0
[2016-03-27 11:52:21] EDIT nreci/views/default/index.html: 0
[2016-03-27 11:52:55] EDIT nreci/views/default/index.html: 0
[2016-03-27 11:53:22] EDIT nreci/views/default/index.html: 0
[2016-03-27 11:53:23] EDIT nreci/views/default/index.html: 0
[2016-03-27 11:53:23] EDIT nreci/views/default/index.html: 0
[2016-03-27 11:53:45] EDIT nreci/views/default/index.html: 0
[2016-03-27 11:55:50] EDIT nreci/views/default/index.html: 0
[2016-03-27 11:58:43] EDIT nreci/views/default/index.html: 0
[2016-03-27 11:59:10] EDIT nreci/views/default/index.html: 0
[2016-03-27 11:59:10] EDIT nreci/views/default/index.html: 0
[2016-03-27 12:03:28] EDIT nreci/views/default/index.html: 0
[2016-03-27 12:03:28] EDIT nreci/views/default/index.html: 0
[2016-03-27 12:03:29] EDIT nreci/views/default/index.html: 0
[2016-03-27 12:03:57] EDIT nreci/views/default/index.html: 0
[2016-03-27 12:04:26] EDIT nreci/views/default/index.html: 0
[2016-03-27 12:04:38] EDIT nreci/views/default/index.html: 0
[2016-03-27 12:05:46] EDIT nreci/controllers/default.py: 0
[2016-03-27 12:05:46] EDIT nreci/controllers/default.py: 0
[2016-03-27 12:06:07] EDIT nreci/controllers/default.py: 0
[2016-03-27 12:06:48] EDIT nreci/controllers/default.py: 0
[2016-03-27 12:06:49] EDIT nreci/controllers/default.py: 0
[2016-03-27 12:07:11] EDIT nreci/controllers/default.py: 0
[2016-03-27 12:07:18] EDIT nreci/controllers/default.py: 0
[2016-03-27 12:07:19] EDIT nreci/controllers/default.py: 0
[2016-03-27 12:07:24] EDIT nreci/controllers/default.py: 0
[2016-03-27 12:07:37] EDIT nreci/controllers/default.py: 0
[2016-03-27 12:07:46] EDIT nreci/controllers/default.py: 0
[2016-03-27 12:07:54] EDIT nreci/controllers/default.py: 0
[2016-03-27 15:08:48] EDIT nreci/views/default/index.html: -1
[2016-03-27 15:09:03] EDIT nreci/views/default/index.html: -1
[2016-03-27 15:40:46] EDIT nreci/models/menu.py: -1
[2016-03-27 15:41:02] EDIT nreci/models/menu.py: 0
[2016-03-27 15:41:03] EDIT nreci/models/menu.py: 0
[2016-03-27 15:43:11] UPLOAD /home/siddhartha/web2py/applications/nreci/static/Logo-Cook-1024x753.jpg: 334
[2016-03-27 15:43:52] UPLOAD /home/siddhartha/web2py/applications/nreci/static/logo.jpg: 334
[2016-03-27 15:44:10] DELETE nreci/static/logo.jpg: -334
[2016-03-27 15:44:54] UPLOAD /home/siddhartha/web2py/applications/nreci/static/images/logo.jpg: 334
[2016-03-27 15:45:06] DELETE nreci/static/Logo-Cook-1024x753.jpg: -334
[2016-03-27 16:13:12] EDIT nreci/views/default/index.html: 0
[2016-03-27 16:13:24] EDIT nreci/views/default/index.html: 0
[2016-03-27 16:13:38] EDIT nreci/views/default/index.html: 0
[2016-03-27 16:13:46] EDIT nreci/views/default/index.html: 0
[2016-03-27 16:13:46] EDIT nreci/views/default/index.html: 0
[2016-03-27 16:13:46] EDIT nreci/views/default/index.html: 0
