[2016-03-28 16:16:01] START
[2016-03-28 16:26:32] EDIT Amazing/models/db.py: -4
[2016-03-28 16:29:09] EDIT Amazing/controllers/default.py: 21
[2016-03-28 16:34:06] EDIT Amazing/views/default/index.html: 49
[2016-03-28 16:34:13] EDIT Amazing/views/default/index.html: 0
[2016-03-28 16:34:17] EDIT Amazing/views/default/index.html: 0
[2016-03-28 16:35:48] CREATE default/show.html: 0
[2016-03-28 16:38:54] EDIT Amazing/views/default/show.html: 43
[2016-03-28 16:39:33] EDIT Amazing/views/default/show.html: 0
[2016-03-28 16:41:20] DELETE Amazing/views/default/show.html: -46
[2016-03-28 16:42:05] CREATE default/show.html: 0
[2016-03-28 16:42:25] EDIT Amazing/views/default/show.html: 43
[2016-03-28 16:42:50] CREATE default/editrecipes.html: 0
[2016-03-28 16:43:18] EDIT Amazing/views/default/editrecipes.html: 28
[2016-03-28 16:43:50] CREATE default/myrecipe.html: 0
[2016-03-28 16:45:07] EDIT Amazing/views/default/myrecipe.html: 81
[2016-03-28 16:46:11] EDIT Amazing/views/default/editrecipes.html: 0
[2016-03-28 16:46:15] EDIT Amazing/views/default/show.html: 0
[2016-03-28 16:46:19] EDIT Amazing/models/db.py: 0
[2016-03-28 16:46:22] EDIT Amazing/views/default/myrecipe.html: 0
[2016-03-28 16:46:25] EDIT Amazing/controllers/default.py: 0
[2016-03-28 16:55:21] EDIT Amazing/controllers/default.py: 0
[2016-03-28 16:57:32] EDIT Amazing/views/default/show.html: 0
[2016-03-28 17:04:14] EDIT Amazing/views/default/show.html: 0
[2016-03-28 17:05:07] EDIT Amazing/views/default/show.html: 0
[2016-03-28 17:05:08] EDIT Amazing/views/default/show.html: 0
[2016-03-28 17:05:08] EDIT Amazing/views/default/show.html: 0
[2016-03-28 17:05:08] EDIT Amazing/views/default/show.html: 0
[2016-03-28 17:05:08] EDIT Amazing/views/default/show.html: 0
[2016-03-28 17:06:12] EDIT Amazing/views/default/show.html: 0
[2016-03-28 17:06:12] EDIT Amazing/views/default/show.html: 0
[2016-03-28 17:06:13] EDIT Amazing/views/default/show.html: 0
[2016-03-28 17:06:13] EDIT Amazing/views/default/show.html: 0
[2016-03-28 17:06:13] EDIT Amazing/views/default/show.html: 0
[2016-03-28 17:06:13] EDIT Amazing/views/default/show.html: 0
[2016-03-28 17:06:14] EDIT Amazing/views/default/show.html: 0
[2016-03-28 17:06:14] EDIT Amazing/views/default/show.html: 0
[2016-03-28 17:06:14] EDIT Amazing/views/default/show.html: 0
[2016-03-28 17:06:14] EDIT Amazing/views/default/show.html: 0
[2016-03-28 17:06:14] EDIT Amazing/views/default/show.html: 0
[2016-03-28 17:06:14] EDIT Amazing/views/default/show.html: 0
[2016-03-28 17:06:14] EDIT Amazing/views/default/show.html: 0
[2016-03-28 17:06:14] EDIT Amazing/views/default/show.html: 0
[2016-03-28 17:06:14] EDIT Amazing/views/default/show.html: 0
[2016-03-28 17:06:14] EDIT Amazing/views/default/show.html: 0
[2016-03-28 17:06:14] EDIT Amazing/views/default/show.html: 0
[2016-03-28 17:06:14] EDIT Amazing/views/default/show.html: 0
[2016-03-28 17:06:14] EDIT Amazing/views/default/show.html: 0
[2016-03-28 17:06:14] EDIT Amazing/views/default/show.html: 0
[2016-03-28 17:06:14] EDIT Amazing/views/default/show.html: 0
[2016-03-28 17:53:25] EDIT Amazing/models/db.py: 0
[2016-03-28 18:01:05] EDIT Amazing/models/db.py: 5
[2016-03-28 18:07:29] EDIT Amazing/models/db.py: 0
[2016-03-28 18:11:33] EDIT Amazing/models/db.py: -5
[2016-03-28 18:29:51] EDIT Amazing/views/default/editrecipes.html: 0
[2016-03-28 18:36:49] EDIT Amazing/views/default/editrecipes.html: 0
[2016-03-28 18:39:07] EDIT Amazing/controllers/default.py: -1
[2016-03-28 18:39:21] EDIT Amazing/controllers/default.py: 0
[2016-03-28 18:43:54] EDIT Amazing/views/default/editrecipes.html: -1
[2016-03-28 18:46:46] EDIT Amazing/views/default/editrecipes.html: 0
[2016-03-28 18:47:53] EDIT Amazing/views/default/editrecipes.html: -1
[2016-03-28 18:48:36] EDIT Amazing/views/default/editrecipes.html: 1
[2016-03-28 18:49:04] EDIT Amazing/views/default/editrecipes.html: 0
[2016-03-28 18:52:15] EDIT Amazing/views/default/editrecipes.html: -1
[2016-03-28 18:52:44] EDIT Amazing/views/default/editrecipes.html: 0
[2016-03-28 18:56:44] EDIT Amazing/views/default/editrecipes.html: 0
[2016-03-28 18:59:00] EDIT Amazing/views/default/editrecipes.html: 0
[2016-03-28 19:02:46] EDIT Amazing/views/default/editrecipes.html: 0
[2016-03-28 19:05:49] EDIT Amazing/views/default/editrecipes.html: 0
[2016-03-28 19:07:47] EDIT Amazing/views/default/editrecipes.html: 0
[2016-03-28 19:09:02] EDIT Amazing/views/default/editrecipes.html: 0
[2016-03-28 19:10:30] EDIT Amazing/views/default/editrecipes.html: 2
[2016-03-28 19:11:02] EDIT Amazing/views/default/editrecipes.html: -2
[2016-03-28 19:11:22] EDIT Amazing/views/default/editrecipes.html: 0
[2016-03-28 19:14:38] EDIT Amazing/views/default/editrecipes.html: 1
[2016-03-28 19:17:22] EDIT Amazing/views/default/editrecipes.html: 1
[2016-03-28 19:20:30] EDIT Amazing/views/default/editrecipes.html: 0
[2016-03-28 19:20:48] EDIT Amazing/views/default/editrecipes.html: 0
[2016-03-28 19:22:20] EDIT Amazing/views/default/editrecipes.html: 1
[2016-03-28 19:22:30] EDIT Amazing/views/default/editrecipes.html: 0
[2016-03-28 19:22:43] EDIT Amazing/views/default/editrecipes.html: 0
[2016-03-28 19:23:44] EDIT Amazing/views/default/editrecipes.html: 1
[2016-03-28 19:23:59] EDIT Amazing/views/default/editrecipes.html: 0
[2016-03-28 19:24:47] EDIT Amazing/views/default/editrecipes.html: 2
[2016-03-28 19:25:00] EDIT Amazing/views/default/editrecipes.html: 0
[2016-03-28 19:25:02] EDIT Amazing/views/default/editrecipes.html: 0
[2016-03-28 19:25:14] EDIT Amazing/views/default/editrecipes.html: 0
[2016-03-28 19:29:01] EDIT Amazing/views/default/editrecipes.html: 0
[2016-03-28 19:39:26] EDIT Amazing/views/default/show.html: 1
[2016-03-28 19:45:15] EDIT Amazing/views/default/show.html: -1
[2016-03-28 19:58:54] EDIT Amazing/views/default/show.html: 0
[2016-03-28 19:59:18] EDIT Amazing/views/default/show.html: 0
[2016-03-28 19:59:19] EDIT Amazing/views/default/show.html: 0
[2016-03-28 20:00:20] EDIT Amazing/views/default/show.html: 0
[2016-03-28 20:01:19] EDIT Amazing/views/default/show.html: 0
[2016-03-28 20:01:55] EDIT Amazing/views/default/show.html: 0
[2016-03-28 20:03:22] EDIT Amazing/views/default/show.html: -1
[2016-03-28 20:04:20] EDIT Amazing/views/default/show.html: 0
[2016-03-28 20:05:25] EDIT Amazing/views/default/show.html: 0
[2016-03-28 20:06:31] EDIT Amazing/views/default/show.html: 0
[2016-03-28 20:58:04] EDIT Amazing/views/default/user.html: -17
[2016-03-28 20:59:43] EDIT Amazing/views/default/user.html: 0
[2016-03-28 21:01:16] EDIT Amazing/views/default/user.html: 0
[2016-03-28 21:04:38] EDIT Amazing/views/default/user.html: 4
[2016-03-28 21:05:58] EDIT Amazing/views/default/user.html: 5
[2016-03-28 21:06:15] EDIT Amazing/views/default/user.html: 0
[2016-03-28 21:06:16] EDIT Amazing/views/default/user.html: 0
[2016-03-28 21:06:48] EDIT Amazing/views/default/user.html: 0
[2016-03-28 21:07:33] EDIT Amazing/views/default/user.html: 2
[2016-03-28 21:08:34] EDIT Amazing/views/default/user.html: 0
[2016-03-28 21:10:03] EDIT Amazing/views/default/user.html: 0
[2016-03-28 21:10:13] EDIT Amazing/views/default/user.html: 0
[2016-03-28 21:10:45] EDIT Amazing/views/default/user.html: 1
[2016-03-28 21:11:37] EDIT Amazing/views/default/user.html: 0
[2016-03-28 21:11:54] EDIT Amazing/views/default/user.html: 0
[2016-03-28 21:13:31] EDIT Amazing/views/default/user.html: -1
[2016-03-28 21:13:46] EDIT Amazing/views/default/user.html: 0
[2016-03-28 21:13:59] EDIT Amazing/views/default/user.html: 0
[2016-03-28 21:15:07] EDIT Amazing/views/default/user.html: 0
[2016-03-28 21:16:57] EDIT Amazing/views/default/user.html: 1
[2016-03-28 21:16:59] EDIT Amazing/views/default/user.html: 0
[2016-03-28 21:17:20] EDIT Amazing/views/default/user.html: 0
[2016-03-28 21:17:23] EDIT Amazing/views/default/user.html: 0
[2016-03-28 21:18:37] EDIT Amazing/views/default/user.html: 1
[2016-03-28 21:20:00] EDIT Amazing/views/default/user.html: 0
[2016-03-28 21:20:41] EDIT Amazing/views/default/user.html: -1
[2016-03-28 21:21:01] EDIT Amazing/views/default/user.html: 0
[2016-03-28 21:22:28] EDIT Amazing/views/default/user.html: 0
[2016-03-28 21:22:49] EDIT Amazing/views/default/user.html: 0
[2016-03-28 21:23:09] EDIT Amazing/views/default/user.html: -4
[2016-03-28 21:29:04] EDIT Amazing/views/default/user.html: 2
[2016-03-28 21:30:52] EDIT Amazing/views/default/user.html: 0
[2016-03-28 21:31:26] EDIT Amazing/views/default/user.html: 0
[2016-03-28 21:33:01] EDIT Amazing/views/default/user.html: 0
[2016-03-28 21:33:22] EDIT Amazing/views/default/user.html: 0
[2016-03-28 21:33:39] EDIT Amazing/views/default/user.html: 0
[2016-03-28 21:36:45] EDIT Amazing/views/default/user.html: 3
[2016-03-28 21:38:30] EDIT Amazing/views/default/user.html: 2
[2016-03-28 21:39:54] EDIT Amazing/views/default/user.html: -1
[2016-03-28 21:40:12] EDIT Amazing/views/default/user.html: 0
[2016-03-28 21:41:46] EDIT Amazing/views/default/user.html: 0
[2016-03-28 21:42:09] EDIT Amazing/views/default/user.html: -1
[2016-03-28 21:44:29] EDIT Amazing/views/default/user.html: 1
[2016-03-28 21:47:41] EDIT Amazing/views/default/user.html: 0
[2016-03-28 21:48:23] EDIT Amazing/views/default/user.html: 0
[2016-03-28 21:48:40] EDIT Amazing/views/default/user.html: 0
[2016-03-28 21:49:12] EDIT Amazing/views/default/user.html: 0
[2016-03-28 21:49:55] EDIT Amazing/views/default/user.html: 0
[2016-03-28 21:51:27] EDIT Amazing/views/default/user.html: 0
[2016-03-28 21:51:29] EDIT Amazing/views/default/user.html: 0
[2016-03-28 21:52:15] EDIT Amazing/views/default/user.html: 0
[2016-03-28 21:52:39] EDIT Amazing/views/default/user.html: 0
[2016-03-28 21:52:57] EDIT Amazing/views/default/user.html: 0
[2016-03-28 21:53:09] EDIT Amazing/views/default/user.html: 0
[2016-03-28 21:54:40] EDIT Amazing/views/default/user.html: 0
[2016-03-28 22:00:00] EDIT Amazing/views/default/user.html: 0
[2016-03-28 22:02:14] EDIT Amazing/views/default/user.html: 0
[2016-03-28 22:02:23] EDIT Amazing/views/default/user.html: 0
[2016-03-28 22:02:30] EDIT Amazing/views/default/user.html: 0
[2016-03-28 22:02:42] EDIT Amazing/views/default/user.html: 0
[2016-03-28 22:03:23] EDIT Amazing/views/default/user.html: 0
[2016-03-28 22:03:25] EDIT Amazing/views/default/user.html: 0
[2016-03-28 22:04:00] EDIT Amazing/views/default/user.html: 0
[2016-03-28 22:05:45] EDIT Amazing/views/default/user.html: 0
[2016-03-28 22:06:28] EDIT Amazing/views/default/user.html: 0
[2016-03-28 22:09:55] EDIT Amazing/views/default/myrecipe.html: 1
[2016-03-28 22:10:14] EDIT Amazing/views/default/myrecipe.html: 0
[2016-03-28 22:11:07] EDIT Amazing/views/default/myrecipe.html: 0
[2016-03-28 22:12:30] EDIT Amazing/views/default/myrecipe.html: 0
[2016-03-28 22:12:51] EDIT Amazing/views/default/myrecipe.html: 0
[2016-03-28 22:13:20] EDIT Amazing/views/default/myrecipe.html: 0
[2016-03-28 22:14:05] EDIT Amazing/views/default/index.html: 0
[2016-03-28 22:14:35] EDIT Amazing/views/default/index.html: 1
[2016-03-28 22:15:15] EDIT Amazing/views/default/index.html: 2
[2016-03-28 22:15:30] EDIT Amazing/views/default/index.html: 0
[2016-03-28 22:17:01] EDIT Amazing/views/default/index.html: 1
[2016-03-28 22:17:21] EDIT Amazing/views/default/index.html: 0
[2016-03-28 22:19:06] EDIT Amazing/views/default/index.html: 1
[2016-03-28 22:19:19] EDIT Amazing/views/default/index.html: 1
[2016-03-28 22:22:14] EDIT Amazing/views/default/user.html: 0
[2016-03-28 22:23:52] EDIT Amazing/views/default/user.html: 0
[2016-03-28 22:24:44] EDIT Amazing/views/default/user.html: 0
[2016-03-28 22:25:17] EDIT Amazing/views/default/user.html: 1
[2016-03-28 22:29:11] EDIT Amazing/views/default/user.html: 0
[2016-03-28 22:29:51] EDIT Amazing/views/default/myrecipe.html: 1
[2016-03-28 22:29:53] EDIT Amazing/views/default/myrecipe.html: 0
[2016-03-28 22:30:24] EDIT Amazing/views/default/index.html: 0
[2016-03-28 22:30:53] EDIT Amazing/views/default/index.html: 0
[2016-03-28 22:31:19] EDIT Amazing/views/default/index.html: 0
[2016-03-28 22:31:46] EDIT Amazing/views/default/index.html: 0
[2016-03-28 22:33:17] EDIT Amazing/views/default/index.html: 0
[2016-03-28 22:33:38] EDIT Amazing/views/default/index.html: 0
[2016-03-28 22:34:02] EDIT Amazing/views/default/index.html: 0
[2016-03-28 22:34:18] EDIT Amazing/views/default/index.html: 0
[2016-03-28 22:34:30] EDIT Amazing/views/default/index.html: 0
[2016-03-28 22:36:51] EDIT Amazing/views/default/index.html: -1
[2016-03-28 22:37:20] EDIT Amazing/views/default/index.html: 1
[2016-03-28 22:38:40] EDIT Amazing/views/default/index.html: -1
[2016-03-28 22:40:26] EDIT Amazing/views/default/index.html: 1
[2016-03-28 22:43:23] EDIT Amazing/views/default/index.html: -2
[2016-03-28 22:44:03] EDIT Amazing/views/default/index.html: 0
[2016-03-28 22:44:14] EDIT Amazing/views/default/index.html: 0
[2016-03-28 22:44:30] EDIT Amazing/views/default/index.html: 0
[2016-03-28 22:44:41] EDIT Amazing/views/default/index.html: 0
[2016-03-28 22:44:52] EDIT Amazing/views/default/index.html: 0
[2016-03-28 22:45:02] EDIT Amazing/views/default/index.html: 0
[2016-03-28 22:45:13] EDIT Amazing/views/default/index.html: 0
[2016-03-28 22:45:24] EDIT Amazing/views/default/index.html: 0
[2016-03-28 22:45:40] EDIT Amazing/views/default/index.html: 0
[2016-03-28 22:46:22] EDIT Amazing/views/default/index.html: 1
[2016-03-28 22:47:01] EDIT Amazing/views/default/index.html: 0
[2016-03-28 22:47:28] EDIT Amazing/views/default/index.html: 0
[2016-03-28 22:48:11] EDIT Amazing/views/default/index.html: 1
[2016-03-28 22:49:25] EDIT Amazing/views/default/index.html: 1
[2016-03-28 22:49:35] EDIT Amazing/views/default/index.html: 0
[2016-03-28 22:49:52] EDIT Amazing/views/default/index.html: 0
[2016-03-28 22:52:16] EDIT Amazing/views/default/index.html: 0
[2016-03-28 22:53:20] EDIT Amazing/views/default/index.html: 1
[2016-03-28 22:54:29] EDIT Amazing/views/default/index.html: 1
[2016-03-28 22:56:30] EDIT Amazing/views/default/index.html: 2
[2016-03-28 23:04:41] EDIT Amazing/views/default/index.html: 4
[2016-03-28 23:05:58] EDIT Amazing/views/default/index.html: 0
[2016-03-28 23:06:19] EDIT Amazing/views/default/index.html: 0
[2016-03-28 23:06:41] EDIT Amazing/views/default/index.html: 0
[2016-03-28 23:16:52] EDIT Amazing/views/default/user.html: 1
[2016-03-28 23:17:10] EDIT Amazing/views/default/user.html: 0
[2016-03-28 23:17:20] EDIT Amazing/views/default/user.html: 0
[2016-03-28 23:17:50] EDIT Amazing/views/default/user.html: 0
[2016-03-28 23:18:03] EDIT Amazing/views/default/user.html: 0
[2016-03-28 23:18:13] EDIT Amazing/views/default/user.html: 0
[2016-03-28 23:19:28] EDIT Amazing/views/default/user.html: 0
[2016-03-28 23:19:40] EDIT Amazing/views/default/user.html: 0
[2016-03-28 23:19:52] EDIT Amazing/views/default/user.html: 0
[2016-03-28 23:20:06] EDIT Amazing/views/default/user.html: -1
[2016-03-28 23:20:30] EDIT Amazing/views/default/user.html: 1
[2016-03-28 23:20:47] EDIT Amazing/views/default/user.html: 0
[2016-03-28 23:21:04] EDIT Amazing/views/default/user.html: 0
[2016-03-28 23:21:16] EDIT Amazing/views/default/user.html: 0
[2016-03-28 23:21:29] EDIT Amazing/views/default/user.html: 0
[2016-03-28 23:21:45] EDIT Amazing/views/default/user.html: 0
[2016-03-28 23:21:55] EDIT Amazing/views/default/user.html: 0
[2016-03-28 23:22:48] EDIT Amazing/views/default/user.html: 0
[2016-03-28 23:23:00] EDIT Amazing/views/default/user.html: 0
[2016-03-28 23:23:09] EDIT Amazing/views/default/user.html: 0
[2016-03-28 23:23:45] EDIT Amazing/views/default/user.html: 0
[2016-03-28 23:24:06] EDIT Amazing/views/default/user.html: 0
[2016-03-28 23:24:21] EDIT Amazing/views/default/user.html: 0
[2016-03-28 23:24:33] EDIT Amazing/views/default/user.html: 0
[2016-03-28 23:25:35] EDIT Amazing/views/default/user.html: 0
[2016-03-28 23:25:54] EDIT Amazing/views/default/user.html: 0
[2016-03-28 23:27:16] EDIT Amazing/views/default/user.html: 0
[2016-03-28 23:28:09] EDIT Amazing/views/default/user.html: 0
[2016-03-28 23:28:25] EDIT Amazing/views/default/user.html: 0
[2016-03-28 23:28:49] EDIT Amazing/views/default/user.html: 0
[2016-03-28 23:28:59] EDIT Amazing/views/default/user.html: 0
[2016-03-28 23:29:16] EDIT Amazing/views/default/user.html: 0
[2016-03-28 23:29:30] EDIT Amazing/views/default/user.html: 0
[2016-03-28 23:29:39] EDIT Amazing/views/default/user.html: 0
[2016-03-28 23:29:59] EDIT Amazing/views/default/user.html: 1
[2016-03-28 23:30:17] EDIT Amazing/views/default/user.html: 0
[2016-03-28 23:30:26] EDIT Amazing/views/default/user.html: 0
[2016-03-28 23:30:35] EDIT Amazing/views/default/user.html: 0
[2016-03-28 23:34:31] EDIT Amazing/views/default/user.html: -1
[2016-03-28 23:35:04] EDIT Amazing/views/default/user.html: -1
[2016-03-28 23:35:31] EDIT Amazing/views/default/user.html: 0
[2016-03-28 23:35:52] EDIT Amazing/views/default/user.html: 0
[2016-03-28 23:36:40] EDIT Amazing/views/default/user.html: 1
[2016-03-28 23:36:54] EDIT Amazing/views/default/user.html: 0
[2016-03-28 23:37:03] EDIT Amazing/views/default/user.html: 0
[2016-03-28 23:37:18] EDIT Amazing/views/default/user.html: 0
[2016-03-28 23:37:47] EDIT Amazing/views/default/user.html: 0
[2016-03-28 23:41:25] EDIT Amazing/views/default/show.html: 0
[2016-03-28 23:45:36] EDIT Amazing/views/default/show.html: 0
[2016-03-28 23:46:52] EDIT Amazing/views/default/show.html: 0
[2016-03-28 23:46:57] EDIT Amazing/views/default/show.html: 0
[2016-03-28 23:49:17] EDIT Amazing/views/default/show.html: 1
[2016-03-28 23:51:35] EDIT Amazing/views/default/show.html: 0
[2016-03-28 23:52:13] EDIT Amazing/views/default/show.html: 0
[2016-03-28 23:54:11] EDIT Amazing/views/default/show.html: 0
[2016-03-28 23:55:35] EDIT Amazing/views/default/show.html: 0
[2016-03-29 11:03:08] EDIT Amazing/views/default/myrecipe.html: 2
[2016-03-29 11:03:27] EDIT Amazing/views/default/myrecipe.html: 0
[2016-03-29 11:07:24] EDIT Amazing/views/default/myrecipe.html: 6
[2016-03-29 11:07:39] EDIT Amazing/views/default/myrecipe.html: 0
[2016-03-29 11:10:43] EDIT Amazing/views/default/index.html: 0
[2016-03-29 11:10:59] EDIT Amazing/views/default/index.html: 0
[2016-03-29 11:12:00] EDIT Amazing/views/default/index.html: 4
[2016-03-29 11:12:17] EDIT Amazing/views/default/index.html: -3
[2016-03-29 11:12:30] EDIT Amazing/views/default/index.html: -1
[2016-03-29 11:15:05] EDIT Amazing/models/menu.py: 0
[2016-03-29 11:18:54] EDIT Amazing/models/menu.py: 1
[2016-03-29 11:19:38] EDIT Amazing/models/menu.py: 1
[2016-03-29 11:20:06] EDIT Amazing/models/menu.py: 0
[2016-03-29 11:20:56] EDIT Amazing/views/default/index.html: -7
[2016-03-29 11:21:24] EDIT Amazing/views/default/index.html: 0
[2016-03-29 11:23:16] EDIT Amazing/views/default/index.html: 0
[2016-03-29 11:23:53] EDIT Amazing/views/default/index.html: 1
[2016-03-29 11:25:04] EDIT Amazing/views/default/index.html: 0
[2016-03-29 11:29:26] EDIT Amazing/views/default/index.html: -1
[2016-03-29 11:30:26] EDIT Amazing/views/default/index.html: 0
[2016-03-29 11:30:59] EDIT Amazing/views/default/index.html: 0
[2016-03-29 11:31:24] EDIT Amazing/views/default/index.html: 2
[2016-03-29 11:31:46] EDIT Amazing/views/default/index.html: 0
[2016-03-29 11:37:29] EDIT Amazing/views/default/index.html: 0
[2016-03-29 11:37:31] EDIT Amazing/views/default/index.html: 0
[2016-03-29 11:37:47] EDIT Amazing/views/default/index.html: 0
[2016-03-29 11:38:03] EDIT Amazing/views/default/index.html: 0
[2016-03-29 11:38:35] EDIT Amazing/views/default/index.html: 0
[2016-03-29 11:42:52] EDIT Amazing/views/default/index.html: 1
[2016-03-29 11:43:07] EDIT Amazing/views/default/index.html: -1
[2016-03-29 11:49:52] EDIT Amazing/views/default/index.html: 0
[2016-03-29 11:50:16] EDIT Amazing/views/default/index.html: 1
[2016-03-29 11:57:01] EDIT Amazing/views/default/show.html: 3
[2016-03-29 11:57:28] EDIT Amazing/views/default/show.html: 0
[2016-03-29 11:59:06] EDIT Amazing/views/default/show.html: 0
[2016-03-29 11:59:51] EDIT Amazing/views/default/show.html: 0
[2016-03-29 12:00:05] EDIT Amazing/views/default/show.html: 0
[2016-03-29 12:00:28] EDIT Amazing/views/default/show.html: 0
[2016-03-29 12:00:45] EDIT Amazing/views/default/show.html: 0
[2016-03-29 12:01:13] EDIT Amazing/views/default/show.html: 0
[2016-03-29 12:01:40] EDIT Amazing/views/default/show.html: 0
[2016-03-29 12:02:33] EDIT Amazing/views/default/show.html: 0
[2016-03-29 12:03:17] EDIT Amazing/views/default/show.html: 0
[2016-03-29 12:03:44] EDIT Amazing/views/default/show.html: 0
[2016-03-29 12:04:01] EDIT Amazing/views/default/show.html: 0
[2016-03-29 12:04:19] EDIT Amazing/views/default/show.html: 0
[2016-03-29 12:04:44] EDIT Amazing/views/default/show.html: 0
[2016-03-29 12:05:01] EDIT Amazing/views/default/show.html: 0
[2016-03-29 12:05:18] EDIT Amazing/views/default/show.html: 0
[2016-03-29 12:05:35] EDIT Amazing/views/default/show.html: 0
[2016-03-29 12:06:25] EDIT Amazing/views/default/show.html: 0
[2016-03-29 12:06:53] EDIT Amazing/views/default/show.html: 0
[2016-03-29 12:07:09] EDIT Amazing/views/default/show.html: 0
[2016-03-29 12:10:43] EDIT Amazing/views/default/myrecipe.html: -1
[2016-03-29 12:11:08] EDIT Amazing/views/default/myrecipe.html: -1
[2016-03-29 12:12:10] EDIT Amazing/views/default/myrecipe.html: 1
[2016-03-29 12:12:55] EDIT Amazing/views/default/myrecipe.html: 0
[2016-03-29 12:15:59] EDIT Amazing/views/default/index.html: 0
[2016-03-29 12:16:11] EDIT Amazing/views/default/index.html: 0
[2016-03-29 12:17:59] EDIT Amazing/views/default/index.html: 1
[2016-03-29 12:18:09] EDIT Amazing/views/default/index.html: 0
[2016-03-29 12:18:22] EDIT Amazing/views/default/index.html: 0
[2016-03-29 12:18:35] EDIT Amazing/views/default/index.html: 0
[2016-03-29 12:18:48] EDIT Amazing/views/default/index.html: 0
[2016-03-29 12:21:34] EDIT Amazing/views/default/index.html: 0
[2016-03-29 12:24:30] EDIT Amazing/views/default/index.html: 1
[2016-03-29 12:25:11] EDIT Amazing/views/default/index.html: -1
[2016-03-29 12:25:36] EDIT Amazing/views/default/index.html: -1
[2016-03-29 12:25:54] EDIT Amazing/views/default/index.html: 1
[2016-03-29 12:26:25] EDIT Amazing/views/default/index.html: -6
[2016-03-29 12:28:01] EDIT Amazing/views/default/index.html: 0
[2016-03-29 12:28:19] EDIT Amazing/views/default/index.html: 0
[2016-03-29 12:28:50] EDIT Amazing/views/default/index.html: -1
[2016-03-29 12:29:28] EDIT Amazing/views/default/index.html: 0
[2016-03-29 12:29:45] EDIT Amazing/views/default/index.html: 0
[2016-03-29 12:30:13] EDIT Amazing/views/default/index.html: 0
[2016-03-29 12:31:15] EDIT Amazing/views/default/index.html: 0
[2016-03-29 12:31:48] EDIT Amazing/views/default/index.html: 0
[2016-03-29 12:32:03] EDIT Amazing/views/default/index.html: 0
[2016-03-29 12:32:52] EDIT Amazing/views/default/index.html: 2
[2016-03-29 12:33:47] EDIT Amazing/views/default/index.html: 0
[2016-03-29 12:34:25] EDIT Amazing/views/default/index.html: 0
[2016-03-29 12:36:02] EDIT Amazing/views/default/index.html: 0
[2016-03-29 12:37:28] EDIT Amazing/views/default/myrecipe.html: 0
[2016-03-29 12:39:10] EDIT Amazing/views/default/myrecipe.html: 1
[2016-03-29 12:39:45] EDIT Amazing/views/default/myrecipe.html: -1
[2016-03-29 12:41:59] EDIT Amazing/views/default/myrecipe.html: 0
[2016-03-29 12:42:52] EDIT Amazing/views/default/myrecipe.html: 0
[2016-03-29 12:45:26] EDIT Amazing/views/default/editrecipes.html: 2
[2016-03-29 12:46:41] EDIT Amazing/views/default/editrecipes.html: 0
[2016-03-29 12:47:02] EDIT Amazing/views/default/editrecipes.html: 0
[2016-03-29 12:51:00] EDIT Amazing/views/default/editrecipes.html: 0
[2016-03-29 12:51:49] EDIT Amazing/views/default/editrecipes.html: 1
[2016-03-29 12:57:15] EDIT Amazing/views/default/editrecipes.html: 0
[2016-03-29 12:58:48] EDIT Amazing/views/default/myrecipe.html: 0
[2016-03-29 12:59:24] EDIT Amazing/views/default/myrecipe.html: 0
[2016-03-29 13:00:58] EDIT Amazing/views/default/myrecipe.html: 0
[2016-03-29 14:11:59] EDIT Amazing/views/default/myrecipe.html: 3
[2016-03-29 14:13:34] EDIT Amazing/views/default/myrecipe.html: 1
[2016-03-29 14:15:24] EDIT Amazing/views/default/myrecipe.html: 4
[2016-03-29 14:16:27] EDIT Amazing/views/default/myrecipe.html: 0
[2016-03-29 14:17:16] EDIT Amazing/views/default/myrecipe.html: -2
[2016-03-29 14:17:56] EDIT Amazing/views/default/myrecipe.html: 2
[2016-03-29 14:20:06] EDIT Amazing/views/default/myrecipe.html: -1
[2016-03-29 14:20:59] EDIT Amazing/views/default/myrecipe.html: 1
[2016-03-29 14:21:04] EDIT Amazing/views/default/myrecipe.html: 0
[2016-03-29 14:22:13] EDIT Amazing/views/default/myrecipe.html: -5
[2016-03-29 14:24:36] EDIT Amazing/controllers/default.py: 3
[2016-03-29 14:26:55] EDIT Amazing/controllers/default.py: 0
[2016-03-29 14:27:22] EDIT Amazing/controllers/default.py: 0
[2016-03-29 14:27:24] EDIT Amazing/controllers/default.py: 0
[2016-03-29 14:27:45] CREATE default/main.html: 0
[2016-03-29 14:32:44] EDIT Amazing/views/default/main.html: 4
[2016-03-29 14:37:08] EDIT Amazing/controllers/default.py: -1
[2016-03-29 14:39:35] EDIT Amazing/views/default/main.html: 4
[2016-03-29 14:40:01] EDIT Amazing/views/default/main.html: 0
[2016-03-29 14:40:15] EDIT Amazing/views/default/main.html: 0
[2016-03-29 14:40:32] EDIT Amazing/views/default/main.html: 0
[2016-03-29 14:47:17] EDIT Amazing/views/default/main.html: 3
[2016-03-29 14:48:58] EDIT Amazing/views/default/main.html: 3
[2016-03-29 14:50:31] EDIT Amazing/views/default/main.html: 0
[2016-03-29 14:50:49] EDIT Amazing/views/default/main.html: 0
[2016-03-29 14:51:08] EDIT Amazing/views/default/main.html: 0
[2016-03-29 14:51:23] EDIT Amazing/views/default/main.html: 0
[2016-03-29 14:51:39] EDIT Amazing/views/default/main.html: 0
[2016-03-29 14:52:10] EDIT Amazing/views/default/main.html: 2
[2016-03-29 14:53:11] EDIT Amazing/views/default/main.html: -6
[2016-03-29 14:53:25] EDIT Amazing/views/default/main.html: 0
[2016-03-29 14:53:34] EDIT Amazing/views/default/main.html: 0
[2016-03-29 14:53:45] EDIT Amazing/views/default/main.html: 0
[2016-03-29 14:54:01] EDIT Amazing/views/default/main.html: 0
[2016-03-29 14:58:01] EDIT Amazing/views/default/main.html: 0
[2016-03-29 14:59:03] EDIT Amazing/views/default/main.html: -1
[2016-03-29 15:04:22] EDIT Amazing/views/default/main.html: 0
[2016-03-29 15:04:47] EDIT Amazing/views/default/main.html: 0
[2016-03-29 15:05:07] EDIT Amazing/views/default/main.html: 0
[2016-03-29 15:05:21] EDIT Amazing/views/default/main.html: 0
[2016-03-29 15:05:21] EDIT Amazing/views/default/main.html: 0
[2016-03-29 15:11:04] EDIT Amazing/controllers/default.py: 0
[2016-03-29 15:11:24] EDIT Amazing/controllers/default.py: 0
[2016-03-29 15:16:32] EDIT Amazing/views/default/myrecipe.html: -2
[2016-03-29 15:16:49] EDIT Amazing/views/default/myrecipe.html: 2
[2016-03-29 15:20:41] EDIT Amazing/views/default/show.html: 4
[2016-03-29 15:28:52] EDIT Amazing/views/default/index.html: 1
[2016-03-29 15:29:36] EDIT Amazing/views/default/index.html: 1
[2016-03-29 15:29:37] EDIT Amazing/views/default/index.html: 0
[2016-03-29 15:42:16] EDIT Amazing/views/default/user.html: -1
[2016-03-29 15:44:11] EDIT Amazing/views/default/main.html: 3
[2016-03-29 15:47:14] EDIT Amazing/views/default/user.html: 0
[2016-03-29 15:50:29] EDIT Amazing/views/default/user.html: -1
[2016-03-29 15:50:59] EDIT Amazing/views/default/user.html: 1
[2016-03-29 15:55:46] EDIT Amazing/views/default/user.html: 1
[2016-03-29 15:58:03] DELETE Amazing/views/default/user.html.1: -29
[2016-03-29 15:58:31] EDIT Amazing/views/default/user.html: 0
[2016-03-29 15:58:41] EDIT Amazing/views/default/user.html: 0
[2016-03-29 15:59:01] EDIT Amazing/views/default/user.html: 0
[2016-03-29 15:59:14] EDIT Amazing/views/default/user.html: 0
[2016-03-29 15:59:26] EDIT Amazing/views/default/user.html: 0
[2016-03-29 16:03:25] EDIT Amazing/views/default/user.html: 5
[2016-03-29 16:04:16] EDIT Amazing/views/default/user.html: 1
[2016-03-29 16:04:31] EDIT Amazing/views/default/user.html: 0
[2016-03-29 16:04:46] EDIT Amazing/views/default/user.html: 0
[2016-03-29 16:05:31] EDIT Amazing/views/default/user.html: -1
[2016-03-29 16:11:14] EDIT Amazing/views/default/main.html: 1
[2016-03-29 16:13:25] EDIT Amazing/views/default/main.html: 0
[2016-03-29 16:13:50] EDIT Amazing/views/default/user.html: 0
[2016-03-29 16:14:15] EDIT Amazing/views/default/user.html: 1
[2016-03-29 16:15:23] EDIT Amazing/views/default/user.html: 0
[2016-03-29 16:15:38] EDIT Amazing/views/default/user.html: 0
[2016-03-29 16:16:54] EDIT Amazing/views/default/user.html: 0
[2016-03-29 16:28:18] EDIT Amazing/views/default/user.html: 1
[2016-03-29 16:53:46] EDIT Amazing/views/default/user.html: 1
[2016-03-29 16:53:48] EDIT Amazing/views/default/user.html: 0
[2016-03-29 16:57:11] EDIT Amazing/views/default/user.html: 0
[2016-03-29 16:58:02] EDIT Amazing/views/default/user.html: 5
[2016-03-29 16:58:16] EDIT Amazing/views/default/user.html: 0
[2016-03-29 16:58:24] EDIT Amazing/views/default/user.html: 0
[2016-03-29 17:04:39] EDIT Amazing/views/default/editrecipes.html: 0
[2016-03-29 17:05:14] EDIT Amazing/views/default/editrecipes.html: 0
[2016-03-29 17:14:39] EDIT Amazing/views/default/editrecipes.html: 0
[2016-03-29 17:16:45] EDIT Amazing/views/default/editrecipes.html: 0
[2016-03-29 17:29:03] EDIT Amazing/views/default/editrecipes.html: 0
[2016-03-29 17:52:12] EDIT Amazing/views/default/user.html: 1
[2016-03-29 17:53:25] EDIT Amazing/views/default/index.html: 0
[2016-03-29 18:21:44] EDIT Amazing/models/menu.py: -30
[2016-03-29 18:22:11] EDIT Amazing/models/menu.py: -62
[2016-03-29 18:22:25] EDIT Amazing/models/menu.py: -16
[2016-03-29 18:22:45] EDIT Amazing/models/menu.py: -45
[2016-03-29 18:28:23] EDIT Amazing/controllers/default.py: 0
[2016-03-29 18:31:00] EDIT Amazing/controllers/default.py: 3
[2016-03-29 18:31:29] CREATE default/manage.html: 0
[2016-03-29 18:33:59] EDIT Amazing/views/default/manage.html: 0
[2016-03-29 18:35:20] EDIT Amazing/views/default/manage.html: 0
[2016-03-29 18:35:44] EDIT Amazing/views/default/manage.html: 0
[2016-03-29 18:35:59] EDIT Amazing/models/menu.py: 6
[2016-03-29 18:36:04] EDIT Amazing/models/menu.py: 0
[2016-03-29 18:36:41] EDIT Amazing/models/menu.py: 0
[2016-03-29 18:37:52] EDIT Amazing/models/menu.py: 0
[2016-03-29 18:38:38] EDIT Amazing/models/menu.py: -3
[2016-03-29 18:39:21] EDIT Amazing/views/default/manage.html: 0
[2016-03-29 20:16:03] EDIT Amazing/controllers/default.py: 0
[2016-03-29 20:16:37] EDIT Amazing/models/menu.py: 0
[2016-03-29 20:16:54] EDIT Amazing/views/default/editrecipes.html: 0
[2016-03-29 20:17:52] EDIT Amazing/views/default/myrecipe.html: 0
[2016-03-29 20:18:15] EDIT Amazing/views/default/show.html: 0
[2016-03-29 20:18:31] EDIT Amazing/views/default/user.html: 0
[2016-03-29 20:20:04] EDIT Amazing/views/default/user.html: 0
[2016-03-29 20:20:09] EDIT Amazing/views/default/show.html: 0
[2016-03-29 20:20:12] EDIT Amazing/views/default/myrecipe.html: 0
[2016-03-29 20:20:26] EDIT Amazing/views/default/manage.html: 0
[2016-03-29 20:20:38] EDIT Amazing/views/default/editrecipes.html: 0
[2016-03-29 20:20:41] EDIT Amazing/controllers/default.py: 0
[2016-03-29 20:20:44] EDIT Amazing/models/menu.py: 0
[2016-03-29 20:20:46] EDIT Amazing/models/db.py: 0
[2016-03-29 20:21:59] EDIT Amazing/controllers/default.py: 0
[2016-03-29 20:24:16] EDIT Amazing/models/db.py: 2
[2016-03-29 20:24:42] EDIT Amazing/models/db.py: 0
[2016-03-29 20:26:36] EDIT Amazing/controllers/default.py: 0
[2016-03-29 21:10:11] EDIT Amazing/views/default/main.html: 0
[2016-03-29 21:10:36] EDIT Amazing/views/default/main.html: 0
