[2016-03-29 12:47:45] START
[2016-03-29 14:07:02] EDIT COOKING_RECIPES/views/default.create_post: 0
[2016-03-29 14:08:22] EDIT COOKING_RECIPES/views/default/main.html: 0
[2016-03-29 14:08:38] EDIT COOKING_RECIPES/views/default/manage.html: -1
[2016-03-29 14:08:51] EDIT COOKING_RECIPES/views/default/manage.html: 0
[2016-03-29 14:09:45] EDIT COOKING_RECIPES/views/default/user.html: 0
[2016-03-29 14:15:30] EDIT COOKING_RECIPES/views/default/index.html: 0
[2016-03-29 14:19:19] EDIT COOKING_RECIPES/views/default/show.html: 6
[2016-03-29 14:20:01] EDIT COOKING_RECIPES/views/default/show.html: 3
[2016-03-29 14:20:11] EDIT COOKING_RECIPES/views/default/show.html: -3
[2016-03-29 14:21:53] EDIT COOKING_RECIPES/views/default/show.html: 19
[2016-03-29 14:24:25] EDIT COOKING_RECIPES/views/default/myrecipe.html: 0
[2016-03-29 14:27:12] EDIT COOKING_RECIPES/views/default/show.html: -4
[2016-03-29 14:28:04] EDIT COOKING_RECIPES/views/default/show.html: 0
[2016-03-29 14:29:14] EDIT COOKING_RECIPES/views/default/show.html: 5
[2016-03-29 14:30:40] EDIT COOKING_RECIPES/views/default/show.html: 6
[2016-03-29 14:32:24] EDIT COOKING_RECIPES/views/default/show.html: 13
[2016-03-29 14:33:02] EDIT COOKING_RECIPES/views/default/show.html: 2
[2016-03-29 14:33:38] EDIT COOKING_RECIPES/views/default/show.html: 2
[2016-03-29 14:34:29] EDIT COOKING_RECIPES/views/default/show.html: 0
[2016-03-29 14:41:40] EDIT COOKING_RECIPES/views/default/show.html: -7
[2016-03-29 14:42:01] EDIT COOKING_RECIPES/views/default/show.html: 0
[2016-03-29 14:42:52] EDIT COOKING_RECIPES/views/default/show.html: -1
[2016-03-29 14:44:10] EDIT COOKING_RECIPES/views/default/show.html: 4
[2016-03-29 14:44:40] EDIT COOKING_RECIPES/views/default/show.html: -4
[2016-03-29 14:46:32] EDIT COOKING_RECIPES/views/default/show.html: 0
[2016-03-29 14:46:48] EDIT COOKING_RECIPES/views/default/show.html: 0
[2016-03-29 14:48:08] EDIT COOKING_RECIPES/views/default/show.html: 1
[2016-03-29 14:48:43] EDIT COOKING_RECIPES/views/default/show.html: 3
[2016-03-29 14:49:10] EDIT COOKING_RECIPES/views/default/show.html: 0
[2016-03-29 14:49:30] EDIT COOKING_RECIPES/views/default/show.html: 0
[2016-03-29 14:50:31] EDIT COOKING_RECIPES/views/default/show.html: 1
[2016-03-29 15:04:44] EDIT COOKING_RECIPES/views/default/show.html: 0
[2016-03-29 15:05:02] EDIT COOKING_RECIPES/views/default/show.html: 0
[2016-03-29 15:09:51] EDIT COOKING_RECIPES/views/default/index.html: 0
[2016-03-29 15:10:49] EDIT COOKING_RECIPES/views/default/index.html: 3
[2016-03-29 15:11:13] EDIT COOKING_RECIPES/views/default/index.html: 2
[2016-03-29 15:11:31] EDIT COOKING_RECIPES/views/default/index.html: -2
[2016-03-29 15:11:47] EDIT COOKING_RECIPES/views/default/index.html: 0
[2016-03-29 15:16:06] EDIT COOKING_RECIPES/views/default/index.html: 0
[2016-03-29 15:19:09] EDIT COOKING_RECIPES/views/default/index.html: 3
[2016-03-29 15:20:41] EDIT COOKING_RECIPES/views/default/index.html: -1
[2016-03-29 15:20:58] EDIT COOKING_RECIPES/views/default/index.html: -2
[2016-03-29 15:23:05] EDIT COOKING_RECIPES/controllers/default.py: 0
[2016-03-29 15:25:33] EDIT COOKING_RECIPES/controllers/default.py: 0
[2016-03-29 15:28:58] EDIT COOKING_RECIPES/views/layout.html: -8
[2016-03-29 15:29:13] EDIT COOKING_RECIPES/views/layout.html: -2
[2016-03-29 15:30:55] EDIT COOKING_RECIPES/controllers/default.py: 0
[2016-03-29 15:31:45] EDIT COOKING_RECIPES/views/default/editrecipes.html: -1
[2016-03-29 15:34:41] EDIT COOKING_RECIPES/views/default.create_post: 18
[2016-03-29 15:35:04] EDIT COOKING_RECIPES/views/default/editrecipes.html: 0
[2016-03-29 15:38:57] EDIT COOKING_RECIPES/controllers/default.py: 0
[2016-03-29 15:45:10] EDIT COOKING_RECIPES/controllers/default.py: 0
[2016-03-29 15:48:42] DELETE COOKING_RECIPES/views/default/editrecipes.html: -27
[2016-03-29 15:50:04] EDIT COOKING_RECIPES/controllers/default.py: 0
[2016-03-29 15:50:37] CREATE default/editrecipes.html: 0
[2016-03-29 15:50:51] EDIT COOKING_RECIPES/views/default/editrecipes.html: 25
[2016-03-29 15:51:07] EDIT COOKING_RECIPES/views/default/editrecipes.html: -27
[2016-03-29 15:51:25] DELETE COOKING_RECIPES/views/default/editrecipes.html: -1
[2016-03-29 16:01:15] EDIT COOKING_RECIPES/controllers/default.py: 0
[2016-03-29 16:07:58] EDIT COOKING_RECIPES/views/default/index.html: 0
[2016-03-29 16:08:32] EDIT COOKING_RECIPES/views/default/myrecipe.html: 0
[2016-03-29 16:19:59] EDIT COOKING_RECIPES/models/menu.py: 0
[2016-03-29 16:20:07] EDIT COOKING_RECIPES/controllers/default.py: 0
[2016-03-29 16:22:26] EDIT COOKING_RECIPES/models/menu.py: 0
[2016-03-29 16:25:06] EDIT COOKING_RECIPES/views/default/main.html: 20
[2016-03-29 16:25:46] EDIT COOKING_RECIPES/views/default/main.html: 0
[2016-03-29 16:26:24] EDIT COOKING_RECIPES/views/default/user.html: 3
[2016-03-29 16:28:32] EDIT COOKING_RECIPES/views/default/user.html: 0
[2016-03-29 16:31:09] EDIT COOKING_RECIPES/views/default/user.html: 5
[2016-03-29 16:33:32] EDIT COOKING_RECIPES/views/default/user.html: 3
[2016-03-29 16:33:37] EDIT COOKING_RECIPES/views/default/user.html: -3
[2016-03-29 16:34:28] EDIT COOKING_RECIPES/views/default/user.html: 0
[2016-03-29 16:37:22] EDIT COOKING_RECIPES/controllers/default.py: 1
[2016-03-29 16:38:23] EDIT COOKING_RECIPES/views/default/user.html: -5
[2016-03-29 16:39:09] EDIT COOKING_RECIPES/controllers/default.py: 0
[2016-03-29 16:39:56] EDIT COOKING_RECIPES/controllers/default.py: -1
[2016-03-29 16:40:38] EDIT COOKING_RECIPES/controllers/default.py: 0
[2016-03-29 17:02:00] EDIT COOKING_RECIPES/models/db.py: 0
[2016-03-29 17:50:31] EDIT COOKING_RECIPES/controllers/default.py: 1
[2016-03-29 17:50:50] EDIT COOKING_RECIPES/controllers/default.py: 4
[2016-03-29 17:51:19] EDIT COOKING_RECIPES/controllers/default.py: -5
[2016-03-29 17:53:19] EDIT COOKING_RECIPES/views/default/index.html: 17
[2016-03-29 17:54:50] EDIT COOKING_RECIPES/controllers/default.py: 0
[2016-03-29 18:03:42] EDIT COOKING_RECIPES/models/db.py: 2
[2016-03-29 18:03:50] EDIT COOKING_RECIPES/models/db.py: 0
[2016-03-29 18:04:37] EDIT COOKING_RECIPES/controllers/default.py: -2
[2016-03-29 18:04:48] EDIT COOKING_RECIPES/models/db.py: 0
[2016-03-29 18:06:43] EDIT COOKING_RECIPES/controllers/default.py: 0
[2016-03-29 18:07:08] EDIT COOKING_RECIPES/controllers/default.py: 0
[2016-03-29 18:10:47] EDIT COOKING_RECIPES/views/default/main.html: -4
[2016-03-29 18:12:31] EDIT COOKING_RECIPES/models/menu.py: 0
[2016-03-29 18:13:05] EDIT COOKING_RECIPES/models/menu.py: 0
[2016-03-29 18:15:03] EDIT COOKING_RECIPES/controllers/default.py: 0
[2016-03-29 18:15:26] EDIT COOKING_RECIPES/controllers/default.py: 0
[2016-03-29 18:16:38] EDIT COOKING_RECIPES/views/default/main.html: -4
[2016-03-29 18:20:58] EDIT COOKING_RECIPES/views/default/main.html: 0
[2016-03-29 18:21:35] EDIT COOKING_RECIPES/views/default/myrecipe.html: 0
[2016-03-29 18:21:37] EDIT COOKING_RECIPES/views/default/myrecipe.html: 0
[2016-03-29 19:45:06] EDIT COOKING_RECIPES/models/menu.py: 0
[2016-03-29 19:45:48] EDIT COOKING_RECIPES/models/menu.py: 0
[2016-03-29 19:47:33] EDIT COOKING_RECIPES/controllers/default.py: 4
[2016-03-29 19:47:52] CREATE default/func.html: 0
[2016-03-29 19:48:24] EDIT COOKING_RECIPES/views/default/func.html: 1
[2016-03-29 19:48:44] EDIT COOKING_RECIPES/models/menu.py: 0
[2016-03-29 19:50:05] EDIT COOKING_RECIPES/views/default/func.html: 9
[2016-03-29 19:50:45] EDIT COOKING_RECIPES/views/default/func.html: 0
[2016-03-29 19:50:54] EDIT COOKING_RECIPES/views/default/func.html: 0
[2016-03-29 19:51:56] EDIT COOKING_RECIPES/views/default/func.html: 3
[2016-03-29 19:53:15] EDIT COOKING_RECIPES/views/default/func.html: 0
[2016-03-29 19:53:33] EDIT COOKING_RECIPES/views/default/func.html: 0
[2016-03-29 19:54:05] EDIT COOKING_RECIPES/views/default/func.html: 1
[2016-03-29 19:54:32] EDIT COOKING_RECIPES/views/default/func.html: 0
[2016-03-29 19:54:41] EDIT COOKING_RECIPES/views/default/func.html: 0
