timestamp: 2016-03-20T16:33:07.028519
CREATE TABLE auth_user(
    id INTEGER PRIMARY KEY AUTOINCREMENT,
    first_name CHAR(128),
    last_name CHAR(128),
    email CHAR(512),
    password CHAR(512),
    registration_key CHAR(512),
    reset_password_key CHAR(512),
    registration_id CHAR(512)
);
success!
timestamp: 2016-03-20T16:33:07.234611
CREATE TABLE auth_group(
    id INTEGER PRIMARY KEY AUTOINCREMENT,
    role CHAR(512),
    description TEXT
);
success!
timestamp: 2016-03-20T16:33:07.439648
CREATE TABLE auth_membership(
    id INTEGER PRIMARY KEY AUTOINCREMENT,
    user_id INTEGER REFERENCES auth_user (id) ON DELETE CASCADE  ,
    group_id INTEGER REFERENCES auth_group (id) ON DELETE CASCADE  
);
success!
timestamp: 2016-03-20T16:33:07.621998
CREATE TABLE auth_permission(
    id INTEGER PRIMARY KEY AUTOINCREMENT,
    group_id INTEGER REFERENCES auth_group (id) ON DELETE CASCADE  ,
    name CHAR(512),
    table_name CHAR(512),
    record_id INTEGER
);
success!
timestamp: 2016-03-20T16:33:07.776845
CREATE TABLE auth_event(
    id INTEGER PRIMARY KEY AUTOINCREMENT,
    time_stamp TIMESTAMP,
    client_ip CHAR(512),
    user_id INTEGER REFERENCES auth_user (id) ON DELETE CASCADE  ,
    origin CHAR(512),
    description TEXT
);
success!
timestamp: 2016-03-20T16:33:07.941444
CREATE TABLE auth_cas(
    id INTEGER PRIMARY KEY AUTOINCREMENT,
    user_id INTEGER REFERENCES auth_user (id) ON DELETE CASCADE  ,
    created_on TIMESTAMP,
    service CHAR(512),
    ticket CHAR(512),
    renew CHAR(1)
);
success!
timestamp: 2016-03-20T16:37:31.153906
CREATE TABLE wiki_page(
    id INTEGER PRIMARY KEY AUTOINCREMENT,
    slug CHAR(512),
    title CHAR(255) UNIQUE,
    body TEXT NOT NULL,
    tags TEXT,
    can_read TEXT,
    can_edit TEXT,
    changelog CHAR(512),
    html TEXT,
    render CHAR(512),
    is_active CHAR(1),
    created_on TIMESTAMP,
    created_by INTEGER REFERENCES auth_user (id) ON DELETE CASCADE  ,
    modified_on TIMESTAMP,
    modified_by INTEGER REFERENCES auth_user (id) ON DELETE CASCADE  
);
success!
timestamp: 2016-03-20T16:37:31.498507
CREATE TABLE wiki_tag(
    id INTEGER PRIMARY KEY AUTOINCREMENT,
    name CHAR(512),
    wiki_page INTEGER REFERENCES wiki_page (id) ON DELETE CASCADE  ,
    is_active CHAR(1),
    created_on TIMESTAMP,
    created_by INTEGER REFERENCES auth_user (id) ON DELETE CASCADE  ,
    modified_on TIMESTAMP,
    modified_by INTEGER REFERENCES auth_user (id) ON DELETE CASCADE  
);
success!
timestamp: 2016-03-20T16:37:31.643512
CREATE TABLE wiki_media(
    id INTEGER PRIMARY KEY AUTOINCREMENT,
    wiki_page INTEGER REFERENCES wiki_page (id) ON DELETE CASCADE  ,
    title CHAR(512),
    filename CHAR(512),
    is_active CHAR(1),
    created_on TIMESTAMP,
    created_by INTEGER REFERENCES auth_user (id) ON DELETE CASCADE  ,
    modified_on TIMESTAMP,
    modified_by INTEGER REFERENCES auth_user (id) ON DELETE CASCADE  
);
success!
timestamp: 2016-03-20T19:51:18.972103
CREATE TABLE page(
    id INTEGER PRIMARY KEY AUTOINCREMENT,
    title CHAR(512),
    body TEXT,
    created_on TIMESTAMP,
    created_by INTEGER REFERENCES auth_user (id) ON DELETE CASCADE  
);
success!
timestamp: 2016-03-20T19:51:19.132777
CREATE TABLE post(
    id INTEGER PRIMARY KEY AUTOINCREMENT,
    page_id INTEGER REFERENCES page (id) ON DELETE CASCADE  ,
    body TEXT,
    created_on TIMESTAMP,
    created_by INTEGER REFERENCES auth_user (id) ON DELETE CASCADE  
);
success!
timestamp: 2016-03-20T19:51:19.288982
CREATE TABLE document(
    id INTEGER PRIMARY KEY AUTOINCREMENT,
    page_id INTEGER REFERENCES page (id) ON DELETE CASCADE  ,
    name CHAR(512),
    file CHAR(512),
    created_on TIMESTAMP,
    created_by INTEGER REFERENCES auth_user (id) ON DELETE CASCADE  
);
success!
